[INFO ] 2022-08-23 10:58:03.419 [main] Log - Open chrome browser
[INFO ] 2022-08-23 10:58:03.446 [main] Log - chrome browser is selected
[INFO ] 2022-08-23 10:58:14.900 [main] Log - Open the urlhttps://naveenautomationlabs.com/opencart/
[INFO ] 2022-08-23 10:58:32.227 [main] Log - https://naveenautomationlabs.com/opencart/
[INFO ] 2022-08-23 10:58:33.191 [main] Log - Text in element : [[ChromeDriver: chrome on WINDOWS (339b8b6caec5bd5f805f582579f65c87)] -> xpath: //input[@placeholder='Search']] is cleared
[INFO ] 2022-08-23 10:58:33.367 [main] Log - Click on Text Box: [[ChromeDriver: chrome on WINDOWS (339b8b6caec5bd5f805f582579f65c87)] -> xpath: //input[@placeholder='Search']]
[INFO ] 2022-08-23 10:58:33.463 [main] Log - Enter text on [[ChromeDriver: chrome on WINDOWS (339b8b6caec5bd5f805f582579f65c87)] -> xpath: //input[@placeholder='Search']] :Apple
[INFO ] 2022-08-23 10:58:33.514 [main] Log - wait for until element [[ChromeDriver: chrome on WINDOWS (339b8b6caec5bd5f805f582579f65c87)] -> xpath: //div[@id='search']/span] is visible
[INFO ] 2022-08-23 10:58:34.163 [main] Log - Click on element: [[ChromeDriver: chrome on WINDOWS (339b8b6caec5bd5f805f582579f65c87)] -> xpath: //div[@id='search']/span]
[ERROR] 2022-08-23 10:58:36.978 [main] Log - Fail to clicked on [[ChromeDriver: chrome on WINDOWS (339b8b6caec5bd5f805f582579f65c87)] -> xpath: (//a[normalize-space()='Login'])[1]]
[INFO ] 2022-08-23 10:58:38.876 [main] Log - Kills the browsers
[ERROR] 2022-08-23 10:58:39.158 [main] Log - Session ID is null. Using WebDriver after calling quit()?
Build info: version: '4.3.0', revision: 'a4995e2c09*'
System info: host: 'BCT-LTP-G877', ip: '192.168.31.245', os.name: 'Windows 10', os.arch: 'amd64', os.version: '10.0', java.version: '18.0.2'
Driver info: org.openqa.selenium.chrome.ChromeDriver
Command: [null, findElement {using=xpath, value=//span[normalize-space()='My Account']}]
Capabilities {acceptInsecureCerts: false, browserName: chrome, browserVersion: 104.0.5112.82, chrome: {chromedriverVersion: 104.0.5112.79 (3cf3e8c8a07d..., userDataDir: C:\Users\DINESH~1.PED\AppDa...}, goog:chromeOptions: {debuggerAddress: localhost:58955}, networkConnectionEnabled: false, pageLoadStrategy: normal, platformName: WINDOWS, proxy: Proxy(), se:cdp: ws://localhost:58955/devtoo..., se:cdpVersion: 104.0.5112.82, setWindowRect: true, strictFileInteractability: false, timeouts: {implicit: 0, pageLoad: 300000, script: 30000}, unhandledPromptBehavior: dismiss and notify, webauthn:extension:credBlob: true, webauthn:extension:largeBlob: true, webauthn:virtualAuthenticators: true}
[INFO ] 2022-08-23 11:00:16.889 [main] Log - Open chrome browser
[INFO ] 2022-08-23 11:00:16.899 [main] Log - chrome browser is selected
[INFO ] 2022-08-23 11:00:23.742 [main] Log - Open the urlhttps://naveenautomationlabs.com/opencart/
[INFO ] 2022-08-23 11:00:27.680 [main] Log - https://naveenautomationlabs.com/opencart/
[INFO ] 2022-08-23 11:00:29.463 [main] Log - Text in element : [[ChromeDriver: chrome on WINDOWS (51fc3e14524272fed0435eef3a56b143)] -> xpath: //input[@placeholder='Search']] is cleared
[INFO ] 2022-08-23 11:00:29.588 [main] Log - Click on Text Box: [[ChromeDriver: chrome on WINDOWS (51fc3e14524272fed0435eef3a56b143)] -> xpath: //input[@placeholder='Search']]
[INFO ] 2022-08-23 11:00:29.858 [main] Log - Enter text on [[ChromeDriver: chrome on WINDOWS (51fc3e14524272fed0435eef3a56b143)] -> xpath: //input[@placeholder='Search']] :Apple
[INFO ] 2022-08-23 11:00:29.938 [main] Log - wait for until element [[ChromeDriver: chrome on WINDOWS (51fc3e14524272fed0435eef3a56b143)] -> xpath: //div[@id='search']/span] is visible
[INFO ] 2022-08-23 11:00:30.564 [main] Log - Click on element: [[ChromeDriver: chrome on WINDOWS (51fc3e14524272fed0435eef3a56b143)] -> xpath: //div[@id='search']/span]
[ERROR] 2022-08-23 11:00:33.476 [main] Log - Fail to clicked on [[ChromeDriver: chrome on WINDOWS (51fc3e14524272fed0435eef3a56b143)] -> xpath: (//a[normalize-space()='Login'])[1]]
[INFO ] 2022-08-23 11:00:35.948 [main] Log - Kills the browsers
[ERROR] 2022-08-23 11:00:36.099 [main] Log - Session ID is null. Using WebDriver after calling quit()?
Build info: version: '4.3.0', revision: 'a4995e2c09*'
System info: host: 'BCT-LTP-G877', ip: '192.168.31.245', os.name: 'Windows 10', os.arch: 'amd64', os.version: '10.0', java.version: '18.0.2'
Driver info: org.openqa.selenium.chrome.ChromeDriver
Command: [null, findElement {using=xpath, value=//span[normalize-space()='My Account']}]
Capabilities {acceptInsecureCerts: false, browserName: chrome, browserVersion: 104.0.5112.82, chrome: {chromedriverVersion: 104.0.5112.79 (3cf3e8c8a07d..., userDataDir: C:\Users\DINESH~1.PED\AppDa...}, goog:chromeOptions: {debuggerAddress: localhost:59171}, networkConnectionEnabled: false, pageLoadStrategy: normal, platformName: WINDOWS, proxy: Proxy(), se:cdp: ws://localhost:59171/devtoo..., se:cdpVersion: 104.0.5112.82, setWindowRect: true, strictFileInteractability: false, timeouts: {implicit: 0, pageLoad: 300000, script: 30000}, unhandledPromptBehavior: dismiss and notify, webauthn:extension:credBlob: true, webauthn:extension:largeBlob: true, webauthn:virtualAuthenticators: true}
[INFO ] 2022-08-23 13:42:24.943 [main] Log - Open chrome browser
[INFO ] 2022-08-23 13:42:24.954 [main] Log - chrome browser is selected
[INFO ] 2022-08-23 13:42:32.298 [main] Log - Open the urlhttps://naveenautomationlabs.com/opencart/
[INFO ] 2022-08-23 13:42:36.195 [main] Log - https://naveenautomationlabs.com/opencart/
[INFO ] 2022-08-23 13:42:36.975 [main] Log - Text in element : [[ChromeDriver: chrome on WINDOWS (94f48bbe470e42e41da651ca26071bc1)] -> xpath: //input[@placeholder='Search']] is cleared
[INFO ] 2022-08-23 13:42:37.056 [main] Log - Click on Text Box: [[ChromeDriver: chrome on WINDOWS (94f48bbe470e42e41da651ca26071bc1)] -> xpath: //input[@placeholder='Search']]
[INFO ] 2022-08-23 13:42:37.197 [main] Log - Enter text on [[ChromeDriver: chrome on WINDOWS (94f48bbe470e42e41da651ca26071bc1)] -> xpath: //input[@placeholder='Search']] :Apple
[INFO ] 2022-08-23 13:42:37.321 [main] Log - wait for until element [[ChromeDriver: chrome on WINDOWS (94f48bbe470e42e41da651ca26071bc1)] -> xpath: //div[@id='search']/span] is visible
[INFO ] 2022-08-23 13:42:37.698 [main] Log - Click on element: [[ChromeDriver: chrome on WINDOWS (94f48bbe470e42e41da651ca26071bc1)] -> xpath: //div[@id='search']/span]
[ERROR] 2022-08-23 13:42:40.393 [main] Log - Fail to clicked on [[ChromeDriver: chrome on WINDOWS (94f48bbe470e42e41da651ca26071bc1)] -> xpath: (//a[normalize-space()='Login'])[1]]
[INFO ] 2022-08-23 13:42:42.305 [main] Log - Kills the browsers
[ERROR] 2022-08-23 13:42:42.461 [main] Log - Session ID is null. Using WebDriver after calling quit()?
Build info: version: '4.3.0', revision: 'a4995e2c09*'
System info: host: 'BCT-LTP-G877', ip: '192.168.31.245', os.name: 'Windows 10', os.arch: 'amd64', os.version: '10.0', java.version: '18.0.2'
Driver info: org.openqa.selenium.chrome.ChromeDriver
Command: [null, findElement {using=xpath, value=//span[normalize-space()='My Account']}]
Capabilities {acceptInsecureCerts: false, browserName: chrome, browserVersion: 104.0.5112.82, chrome: {chromedriverVersion: 104.0.5112.79 (3cf3e8c8a07d..., userDataDir: C:\Users\DINESH~1.PED\AppDa...}, goog:chromeOptions: {debuggerAddress: localhost:63892}, networkConnectionEnabled: false, pageLoadStrategy: normal, platformName: WINDOWS, proxy: Proxy(), se:cdp: ws://localhost:63892/devtoo..., se:cdpVersion: 104.0.5112.82, setWindowRect: true, strictFileInteractability: false, timeouts: {implicit: 0, pageLoad: 300000, script: 30000}, unhandledPromptBehavior: dismiss and notify, webauthn:extension:credBlob: true, webauthn:extension:largeBlob: true, webauthn:virtualAuthenticators: true}
[INFO ] 2022-08-23 13:46:59.896 [main] Log - Open chrome browser
[INFO ] 2022-08-23 13:46:59.908 [main] Log - chrome browser is selected
[INFO ] 2022-08-23 13:47:05.364 [main] Log - Open the urlhttps://naveenautomationlabs.com/opencart/
[INFO ] 2022-08-23 13:47:07.577 [main] Log - https://naveenautomationlabs.com/opencart/
[INFO ] 2022-08-23 13:47:07.810 [main] Log - navigateToLoginPage test is starting.
[INFO ] 2022-08-23 13:47:08.480 [main] Log - move to the element : [[ChromeDriver: chrome on WINDOWS (2026041d5fc39d571317613f1173ce03)] -> xpath: //span[normalize-space()='My Account']] is clicked
[INFO ] 2022-08-23 13:47:08.565 [main] Log - wait for until element [[ChromeDriver: chrome on WINDOWS (2026041d5fc39d571317613f1173ce03)] -> xpath: (//a[normalize-space()='Login'])[1]] is visible
[INFO ] 2022-08-23 13:47:09.245 [main] Log - Click on element: [[ChromeDriver: chrome on WINDOWS (2026041d5fc39d571317613f1173ce03)] -> xpath: (//a[normalize-space()='Login'])[1]]
[INFO ] 2022-08-23 13:47:09.359 [main] Log - navigateToLoginPage Test is passed
[INFO ] 2022-08-23 13:47:09.359 [main] Log - navigateToLoginPage com.blazeclan.qa.test.testng.TestFramework  null defadd5f-6e0f-466c-9550-10151d67892d  []
[INFO ] 2022-08-23 13:47:09.585 [main] Log - loginToApplication test is starting.
[INFO ] 2022-08-23 13:47:09.600 [main] Log - deleted all cookies
[INFO ] 2022-08-23 13:47:09.653 [main] Log - Text in element : [[ChromeDriver: chrome on WINDOWS (2026041d5fc39d571317613f1173ce03)] -> id: input-email] is cleared
[INFO ] 2022-08-23 13:47:09.733 [main] Log - Click on Text Box: [[ChromeDriver: chrome on WINDOWS (2026041d5fc39d571317613f1173ce03)] -> id: input-email]
[INFO ] 2022-08-23 13:47:09.823 [main] Log - Enter text on [[ChromeDriver: chrome on WINDOWS (2026041d5fc39d571317613f1173ce03)] -> id: input-email] :dineshkumar.icon.dk@gmail.com
[INFO ] 2022-08-23 13:47:09.877 [main] Log - Text in element : [[ChromeDriver: chrome on WINDOWS (2026041d5fc39d571317613f1173ce03)] -> id: input-password] is cleared
[INFO ] 2022-08-23 13:47:09.929 [main] Log - Click on Text Box: [[ChromeDriver: chrome on WINDOWS (2026041d5fc39d571317613f1173ce03)] -> id: input-password]
[INFO ] 2022-08-23 13:47:09.988 [main] Log - Enter text on [[ChromeDriver: chrome on WINDOWS (2026041d5fc39d571317613f1173ce03)] -> id: input-password] :Dinnu@4318
[INFO ] 2022-08-23 13:47:10.034 [main] Log - wait for until element [[ChromeDriver: chrome on WINDOWS (2026041d5fc39d571317613f1173ce03)] -> xpath: //input[@value='Login']] is visible
[INFO ] 2022-08-23 13:47:11.961 [main] Log - Click on element: Proxy element for: DefaultElementLocator 'By.xpath: //input[@value='Login']'
[INFO ] 2022-08-23 13:47:12.013 [main] Log - Retrying loginToApplication again and the count is 1
[WARN ] 2022-08-23 13:47:12.021 [main] Log - loginToApplication Test is skipped
[INFO ] 2022-08-23 13:47:12.021 [main] Log - []
[INFO ] 2022-08-23 13:47:12.195 [main] Log - loginToApplication test is starting.
[INFO ] 2022-08-23 13:47:12.211 [main] Log - deleted all cookies
[ERROR] 2022-08-23 13:47:13.225 [main] Log - no such element: Unable to locate element: {"method":"css selector","selector":"#input\-email"}
  (Session info: chrome=104.0.5112.82)
For documentation on this error, please visit: https://selenium.dev/exceptions/#no_such_element
Build info: version: '4.3.0', revision: 'a4995e2c09*'
System info: host: 'BCT-LTP-G877', ip: '192.168.31.245', os.name: 'Windows 10', os.arch: 'amd64', os.version: '10.0', java.version: '18.0.2'
Driver info: org.openqa.selenium.chrome.ChromeDriver
Command: [2026041d5fc39d571317613f1173ce03, findElement {using=id, value=input-email}]
Capabilities {acceptInsecureCerts: false, browserName: chrome, browserVersion: 104.0.5112.82, chrome: {chromedriverVersion: 104.0.5112.79 (3cf3e8c8a07d..., userDataDir: C:\Users\DINESH~1.PED\AppDa...}, goog:chromeOptions: {debuggerAddress: localhost:64147}, networkConnectionEnabled: false, pageLoadStrategy: normal, platformName: WINDOWS, proxy: Proxy(), se:cdp: ws://localhost:64147/devtoo..., se:cdpVersion: 104.0.5112.82, setWindowRect: true, strictFileInteractability: false, timeouts: {implicit: 0, pageLoad: 300000, script: 30000}, unhandledPromptBehavior: dismiss and notify, webauthn:extension:credBlob: true, webauthn:extension:largeBlob: true, webauthn:virtualAuthenticators: true}
Session ID: 2026041d5fc39d571317613f1173ce03
[ERROR] 2022-08-23 13:47:14.239 [main] Log - no such element: Unable to locate element: {"method":"css selector","selector":"#input\-password"}
  (Session info: chrome=104.0.5112.82)
For documentation on this error, please visit: https://selenium.dev/exceptions/#no_such_element
Build info: version: '4.3.0', revision: 'a4995e2c09*'
System info: host: 'BCT-LTP-G877', ip: '192.168.31.245', os.name: 'Windows 10', os.arch: 'amd64', os.version: '10.0', java.version: '18.0.2'
Driver info: org.openqa.selenium.chrome.ChromeDriver
Command: [2026041d5fc39d571317613f1173ce03, findElement {using=id, value=input-password}]
Capabilities {acceptInsecureCerts: false, browserName: chrome, browserVersion: 104.0.5112.82, chrome: {chromedriverVersion: 104.0.5112.79 (3cf3e8c8a07d..., userDataDir: C:\Users\DINESH~1.PED\AppDa...}, goog:chromeOptions: {debuggerAddress: localhost:64147}, networkConnectionEnabled: false, pageLoadStrategy: normal, platformName: WINDOWS, proxy: Proxy(), se:cdp: ws://localhost:64147/devtoo..., se:cdpVersion: 104.0.5112.82, setWindowRect: true, strictFileInteractability: false, timeouts: {implicit: 0, pageLoad: 300000, script: 30000}, unhandledPromptBehavior: dismiss and notify, webauthn:extension:credBlob: true, webauthn:extension:largeBlob: true, webauthn:virtualAuthenticators: true}
Session ID: 2026041d5fc39d571317613f1173ce03
[ERROR] 2022-08-23 13:47:25.510 [main] Log - Expected condition failed: waiting for visibility of Proxy element for: DefaultElementLocator 'By.xpath: //input[@value='Login']' (tried for 10 second(s) with 500 milliseconds interval)
[ERROR] 2022-08-23 13:47:26.521 [main] Log - Fail to clicked on Proxy element for: DefaultElementLocator 'By.xpath: //input[@value='Login']'
[INFO ] 2022-08-23 13:47:26.537 [main] Log - Retrying loginToApplication again and the count is 2
[WARN ] 2022-08-23 13:47:26.544 [main] Log - loginToApplication Test is skipped
[INFO ] 2022-08-23 13:47:26.544 [main] Log - []
[INFO ] 2022-08-23 13:47:26.716 [main] Log - loginToApplication test is starting.
[INFO ] 2022-08-23 13:47:26.724 [main] Log - deleted all cookies
[ERROR] 2022-08-23 13:47:27.734 [main] Log - no such element: Unable to locate element: {"method":"css selector","selector":"#input\-email"}
  (Session info: chrome=104.0.5112.82)
For documentation on this error, please visit: https://selenium.dev/exceptions/#no_such_element
Build info: version: '4.3.0', revision: 'a4995e2c09*'
System info: host: 'BCT-LTP-G877', ip: '192.168.31.245', os.name: 'Windows 10', os.arch: 'amd64', os.version: '10.0', java.version: '18.0.2'
Driver info: org.openqa.selenium.chrome.ChromeDriver
Command: [2026041d5fc39d571317613f1173ce03, findElement {using=id, value=input-email}]
Capabilities {acceptInsecureCerts: false, browserName: chrome, browserVersion: 104.0.5112.82, chrome: {chromedriverVersion: 104.0.5112.79 (3cf3e8c8a07d..., userDataDir: C:\Users\DINESH~1.PED\AppDa...}, goog:chromeOptions: {debuggerAddress: localhost:64147}, networkConnectionEnabled: false, pageLoadStrategy: normal, platformName: WINDOWS, proxy: Proxy(), se:cdp: ws://localhost:64147/devtoo..., se:cdpVersion: 104.0.5112.82, setWindowRect: true, strictFileInteractability: false, timeouts: {implicit: 0, pageLoad: 300000, script: 30000}, unhandledPromptBehavior: dismiss and notify, webauthn:extension:credBlob: true, webauthn:extension:largeBlob: true, webauthn:virtualAuthenticators: true}
Session ID: 2026041d5fc39d571317613f1173ce03
[ERROR] 2022-08-23 13:47:28.741 [main] Log - no such element: Unable to locate element: {"method":"css selector","selector":"#input\-password"}
  (Session info: chrome=104.0.5112.82)
For documentation on this error, please visit: https://selenium.dev/exceptions/#no_such_element
Build info: version: '4.3.0', revision: 'a4995e2c09*'
System info: host: 'BCT-LTP-G877', ip: '192.168.31.245', os.name: 'Windows 10', os.arch: 'amd64', os.version: '10.0', java.version: '18.0.2'
Driver info: org.openqa.selenium.chrome.ChromeDriver
Command: [2026041d5fc39d571317613f1173ce03, findElement {using=id, value=input-password}]
Capabilities {acceptInsecureCerts: false, browserName: chrome, browserVersion: 104.0.5112.82, chrome: {chromedriverVersion: 104.0.5112.79 (3cf3e8c8a07d..., userDataDir: C:\Users\DINESH~1.PED\AppDa...}, goog:chromeOptions: {debuggerAddress: localhost:64147}, networkConnectionEnabled: false, pageLoadStrategy: normal, platformName: WINDOWS, proxy: Proxy(), se:cdp: ws://localhost:64147/devtoo..., se:cdpVersion: 104.0.5112.82, setWindowRect: true, strictFileInteractability: false, timeouts: {implicit: 0, pageLoad: 300000, script: 30000}, unhandledPromptBehavior: dismiss and notify, webauthn:extension:credBlob: true, webauthn:extension:largeBlob: true, webauthn:virtualAuthenticators: true}
Session ID: 2026041d5fc39d571317613f1173ce03
[ERROR] 2022-08-23 13:47:40.059 [main] Log - Expected condition failed: waiting for visibility of Proxy element for: DefaultElementLocator 'By.xpath: //input[@value='Login']' (tried for 10 second(s) with 500 milliseconds interval)
[ERROR] 2022-08-23 13:47:41.069 [main] Log - Fail to clicked on Proxy element for: DefaultElementLocator 'By.xpath: //input[@value='Login']'
[ERROR] 2022-08-23 13:47:41.109 [main] Log - loginToApplication Test is failed
[INFO ] 2022-08-23 13:47:42.553 [main] Log - Kills the browsers
[INFO ] 2022-08-23 13:47:42.583 [main] Log - I am in onFinish method testng
[INFO ] 2022-08-23 13:48:36.812 [main] Log - Open chrome browser
[INFO ] 2022-08-23 13:48:36.821 [main] Log - chrome browser is selected
[INFO ] 2022-08-23 13:48:41.195 [main] Log - Open the urlhttps://naveenautomationlabs.com/opencart/
[INFO ] 2022-08-23 13:48:44.395 [main] Log - https://naveenautomationlabs.com/opencart/
[INFO ] 2022-08-23 13:48:44.631 [main] Log - navigateToLoginPage test is starting.
[INFO ] 2022-08-23 13:48:45.136 [main] Log - move to the element : [[ChromeDriver: chrome on WINDOWS (e271edb02f3f2bcc7235f2f31a2e33f6)] -> xpath: //span[normalize-space()='My Account']] is clicked
[INFO ] 2022-08-23 13:48:45.204 [main] Log - wait for until element [[ChromeDriver: chrome on WINDOWS (e271edb02f3f2bcc7235f2f31a2e33f6)] -> xpath: (//a[normalize-space()='Login'])[1]] is visible
[INFO ] 2022-08-23 13:48:45.684 [main] Log - Click on element: [[ChromeDriver: chrome on WINDOWS (e271edb02f3f2bcc7235f2f31a2e33f6)] -> xpath: (//a[normalize-space()='Login'])[1]]
[INFO ] 2022-08-23 13:48:45.779 [main] Log - navigateToLoginPage Test is passed
[INFO ] 2022-08-23 13:48:45.780 [main] Log - navigateToLoginPage com.blazeclan.qa.test.testng.TestFramework  null cb87f1ff-0ec0-4ce3-b25f-394a7391b5c0  []
[INFO ] 2022-08-23 13:48:46.020 [main] Log - loginToApplication test is starting.
[INFO ] 2022-08-23 13:48:46.035 [main] Log - deleted all cookies
[INFO ] 2022-08-23 13:48:46.089 [main] Log - Text in element : [[ChromeDriver: chrome on WINDOWS (e271edb02f3f2bcc7235f2f31a2e33f6)] -> id: input-email] is cleared
[INFO ] 2022-08-23 13:48:46.165 [main] Log - Click on Text Box: [[ChromeDriver: chrome on WINDOWS (e271edb02f3f2bcc7235f2f31a2e33f6)] -> id: input-email]
[INFO ] 2022-08-23 13:48:46.257 [main] Log - Enter text on [[ChromeDriver: chrome on WINDOWS (e271edb02f3f2bcc7235f2f31a2e33f6)] -> id: input-email] :dineshkumar.icon.dk@gmail.com
[INFO ] 2022-08-23 13:48:46.331 [main] Log - Text in element : [[ChromeDriver: chrome on WINDOWS (e271edb02f3f2bcc7235f2f31a2e33f6)] -> id: input-password] is cleared
[INFO ] 2022-08-23 13:48:46.390 [main] Log - Click on Text Box: [[ChromeDriver: chrome on WINDOWS (e271edb02f3f2bcc7235f2f31a2e33f6)] -> id: input-password]
[INFO ] 2022-08-23 13:48:46.451 [main] Log - Enter text on [[ChromeDriver: chrome on WINDOWS (e271edb02f3f2bcc7235f2f31a2e33f6)] -> id: input-password] :Dinnu@4318
[INFO ] 2022-08-23 13:48:46.500 [main] Log - wait for until element [[ChromeDriver: chrome on WINDOWS (e271edb02f3f2bcc7235f2f31a2e33f6)] -> xpath: //input[@value='Login']] is visible
[INFO ] 2022-08-23 13:48:48.081 [main] Log - Click on element: Proxy element for: DefaultElementLocator 'By.xpath: //input[@value='Login']'
[INFO ] 2022-08-23 13:48:48.126 [main] Log - Retrying loginToApplication again and the count is 1
[WARN ] 2022-08-23 13:48:48.135 [main] Log - loginToApplication Test is skipped
[INFO ] 2022-08-23 13:48:48.135 [main] Log - []
[INFO ] 2022-08-23 13:48:48.308 [main] Log - loginToApplication test is starting.
[INFO ] 2022-08-23 13:48:48.323 [main] Log - deleted all cookies
[ERROR] 2022-08-23 13:48:49.337 [main] Log - no such element: Unable to locate element: {"method":"css selector","selector":"#input\-email"}
  (Session info: chrome=104.0.5112.82)
For documentation on this error, please visit: https://selenium.dev/exceptions/#no_such_element
Build info: version: '4.3.0', revision: 'a4995e2c09*'
System info: host: 'BCT-LTP-G877', ip: '192.168.31.245', os.name: 'Windows 10', os.arch: 'amd64', os.version: '10.0', java.version: '18.0.2'
Driver info: org.openqa.selenium.chrome.ChromeDriver
Command: [e271edb02f3f2bcc7235f2f31a2e33f6, findElement {using=id, value=input-email}]
Capabilities {acceptInsecureCerts: false, browserName: chrome, browserVersion: 104.0.5112.82, chrome: {chromedriverVersion: 104.0.5112.79 (3cf3e8c8a07d..., userDataDir: C:\Users\DINESH~1.PED\AppDa...}, goog:chromeOptions: {debuggerAddress: localhost:64337}, networkConnectionEnabled: false, pageLoadStrategy: normal, platformName: WINDOWS, proxy: Proxy(), se:cdp: ws://localhost:64337/devtoo..., se:cdpVersion: 104.0.5112.82, setWindowRect: true, strictFileInteractability: false, timeouts: {implicit: 0, pageLoad: 300000, script: 30000}, unhandledPromptBehavior: dismiss and notify, webauthn:extension:credBlob: true, webauthn:extension:largeBlob: true, webauthn:virtualAuthenticators: true}
Session ID: e271edb02f3f2bcc7235f2f31a2e33f6
[ERROR] 2022-08-23 13:48:50.347 [main] Log - no such element: Unable to locate element: {"method":"css selector","selector":"#input\-password"}
  (Session info: chrome=104.0.5112.82)
For documentation on this error, please visit: https://selenium.dev/exceptions/#no_such_element
Build info: version: '4.3.0', revision: 'a4995e2c09*'
System info: host: 'BCT-LTP-G877', ip: '192.168.31.245', os.name: 'Windows 10', os.arch: 'amd64', os.version: '10.0', java.version: '18.0.2'
Driver info: org.openqa.selenium.chrome.ChromeDriver
Command: [e271edb02f3f2bcc7235f2f31a2e33f6, findElement {using=id, value=input-password}]
Capabilities {acceptInsecureCerts: false, browserName: chrome, browserVersion: 104.0.5112.82, chrome: {chromedriverVersion: 104.0.5112.79 (3cf3e8c8a07d..., userDataDir: C:\Users\DINESH~1.PED\AppDa...}, goog:chromeOptions: {debuggerAddress: localhost:64337}, networkConnectionEnabled: false, pageLoadStrategy: normal, platformName: WINDOWS, proxy: Proxy(), se:cdp: ws://localhost:64337/devtoo..., se:cdpVersion: 104.0.5112.82, setWindowRect: true, strictFileInteractability: false, timeouts: {implicit: 0, pageLoad: 300000, script: 30000}, unhandledPromptBehavior: dismiss and notify, webauthn:extension:credBlob: true, webauthn:extension:largeBlob: true, webauthn:virtualAuthenticators: true}
Session ID: e271edb02f3f2bcc7235f2f31a2e33f6
[ERROR] 2022-08-23 13:49:01.488 [main] Log - Expected condition failed: waiting for visibility of Proxy element for: DefaultElementLocator 'By.xpath: //input[@value='Login']' (tried for 10 second(s) with 500 milliseconds interval)
[ERROR] 2022-08-23 13:49:02.498 [main] Log - Fail to clicked on Proxy element for: DefaultElementLocator 'By.xpath: //input[@value='Login']'
[INFO ] 2022-08-23 13:49:02.516 [main] Log - Retrying loginToApplication again and the count is 2
[WARN ] 2022-08-23 13:49:02.522 [main] Log - loginToApplication Test is skipped
[INFO ] 2022-08-23 13:49:02.522 [main] Log - []
[INFO ] 2022-08-23 13:49:02.740 [main] Log - loginToApplication test is starting.
[INFO ] 2022-08-23 13:49:02.751 [main] Log - deleted all cookies
[ERROR] 2022-08-23 13:49:03.815 [main] Log - no such element: Unable to locate element: {"method":"css selector","selector":"#input\-email"}
  (Session info: chrome=104.0.5112.82)
For documentation on this error, please visit: https://selenium.dev/exceptions/#no_such_element
Build info: version: '4.3.0', revision: 'a4995e2c09*'
System info: host: 'BCT-LTP-G877', ip: '192.168.31.245', os.name: 'Windows 10', os.arch: 'amd64', os.version: '10.0', java.version: '18.0.2'
Driver info: org.openqa.selenium.chrome.ChromeDriver
Command: [e271edb02f3f2bcc7235f2f31a2e33f6, findElement {using=id, value=input-email}]
Capabilities {acceptInsecureCerts: false, browserName: chrome, browserVersion: 104.0.5112.82, chrome: {chromedriverVersion: 104.0.5112.79 (3cf3e8c8a07d..., userDataDir: C:\Users\DINESH~1.PED\AppDa...}, goog:chromeOptions: {debuggerAddress: localhost:64337}, networkConnectionEnabled: false, pageLoadStrategy: normal, platformName: WINDOWS, proxy: Proxy(), se:cdp: ws://localhost:64337/devtoo..., se:cdpVersion: 104.0.5112.82, setWindowRect: true, strictFileInteractability: false, timeouts: {implicit: 0, pageLoad: 300000, script: 30000}, unhandledPromptBehavior: dismiss and notify, webauthn:extension:credBlob: true, webauthn:extension:largeBlob: true, webauthn:virtualAuthenticators: true}
Session ID: e271edb02f3f2bcc7235f2f31a2e33f6
[ERROR] 2022-08-23 13:49:04.875 [main] Log - no such element: Unable to locate element: {"method":"css selector","selector":"#input\-password"}
  (Session info: chrome=104.0.5112.82)
For documentation on this error, please visit: https://selenium.dev/exceptions/#no_such_element
Build info: version: '4.3.0', revision: 'a4995e2c09*'
System info: host: 'BCT-LTP-G877', ip: '192.168.31.245', os.name: 'Windows 10', os.arch: 'amd64', os.version: '10.0', java.version: '18.0.2'
Driver info: org.openqa.selenium.chrome.ChromeDriver
Command: [e271edb02f3f2bcc7235f2f31a2e33f6, findElement {using=id, value=input-password}]
Capabilities {acceptInsecureCerts: false, browserName: chrome, browserVersion: 104.0.5112.82, chrome: {chromedriverVersion: 104.0.5112.79 (3cf3e8c8a07d..., userDataDir: C:\Users\DINESH~1.PED\AppDa...}, goog:chromeOptions: {debuggerAddress: localhost:64337}, networkConnectionEnabled: false, pageLoadStrategy: normal, platformName: WINDOWS, proxy: Proxy(), se:cdp: ws://localhost:64337/devtoo..., se:cdpVersion: 104.0.5112.82, setWindowRect: true, strictFileInteractability: false, timeouts: {implicit: 0, pageLoad: 300000, script: 30000}, unhandledPromptBehavior: dismiss and notify, webauthn:extension:credBlob: true, webauthn:extension:largeBlob: true, webauthn:virtualAuthenticators: true}
Session ID: e271edb02f3f2bcc7235f2f31a2e33f6
[ERROR] 2022-08-23 13:49:16.328 [main] Log - Expected condition failed: waiting for visibility of Proxy element for: DefaultElementLocator 'By.xpath: //input[@value='Login']' (tried for 10 second(s) with 500 milliseconds interval)
[ERROR] 2022-08-23 13:49:17.390 [main] Log - Fail to clicked on Proxy element for: DefaultElementLocator 'By.xpath: //input[@value='Login']'
[ERROR] 2022-08-23 13:49:17.449 [main] Log - loginToApplication Test is failed
[INFO ] 2022-08-23 13:49:19.164 [main] Log - Kills the browsers
[INFO ] 2022-08-23 13:49:19.191 [main] Log - I am in onFinish method testng
[INFO ] 2022-08-23 14:05:57.867 [main] Log - Open chrome browser
[INFO ] 2022-08-23 14:05:57.875 [main] Log - chrome browser is selected
[INFO ] 2022-08-23 14:06:01.904 [main] Log - Open the urlhttps://naveenautomationlabs.com/opencart/
[INFO ] 2022-08-23 14:06:05.338 [main] Log - https://naveenautomationlabs.com/opencart/
[INFO ] 2022-08-23 14:06:05.605 [main] Log - navigateToLoginPage test is starting.
[INFO ] 2022-08-23 14:06:06.115 [main] Log - move to the element : [[ChromeDriver: chrome on WINDOWS (189933671fbc780dcaadf8e1a1a85dac)] -> xpath: //span[normalize-space()='My Account']] is clicked
[INFO ] 2022-08-23 14:06:06.178 [main] Log - wait for until element [[ChromeDriver: chrome on WINDOWS (189933671fbc780dcaadf8e1a1a85dac)] -> xpath: (//a[normalize-space()='Login'])[1]] is visible
[INFO ] 2022-08-23 14:06:06.508 [main] Log - Click on element: [[ChromeDriver: chrome on WINDOWS (189933671fbc780dcaadf8e1a1a85dac)] -> xpath: (//a[normalize-space()='Login'])[1]]
[INFO ] 2022-08-23 14:06:06.611 [main] Log - navigateToLoginPage Test is passed
[INFO ] 2022-08-23 14:06:06.611 [main] Log - navigateToLoginPage com.blazeclan.qa.test.testng.TestFramework  null 392430d2-57f8-409e-9bbd-3dabe5e62a31  []
[INFO ] 2022-08-23 14:06:06.846 [main] Log - loginToApplication test is starting.
[INFO ] 2022-08-23 14:06:06.879 [main] Log - deleted all cookies
[INFO ] 2022-08-23 14:06:06.934 [main] Log - Text in element : [[ChromeDriver: chrome on WINDOWS (189933671fbc780dcaadf8e1a1a85dac)] -> id: input-email] is cleared
[INFO ] 2022-08-23 14:06:06.986 [main] Log - Click on Text Box: [[ChromeDriver: chrome on WINDOWS (189933671fbc780dcaadf8e1a1a85dac)] -> id: input-email]
[INFO ] 2022-08-23 14:06:07.066 [main] Log - Enter text on [[ChromeDriver: chrome on WINDOWS (189933671fbc780dcaadf8e1a1a85dac)] -> id: input-email] :dineshkumar.icon.dk@gmail.com
[INFO ] 2022-08-23 14:06:07.120 [main] Log - Text in element : [[ChromeDriver: chrome on WINDOWS (189933671fbc780dcaadf8e1a1a85dac)] -> id: input-password] is cleared
[INFO ] 2022-08-23 14:06:07.176 [main] Log - Click on Text Box: [[ChromeDriver: chrome on WINDOWS (189933671fbc780dcaadf8e1a1a85dac)] -> id: input-password]
[INFO ] 2022-08-23 14:06:07.236 [main] Log - Enter text on [[ChromeDriver: chrome on WINDOWS (189933671fbc780dcaadf8e1a1a85dac)] -> id: input-password] :Dinnu@4318
[INFO ] 2022-08-23 14:06:07.280 [main] Log - wait for until element [[ChromeDriver: chrome on WINDOWS (189933671fbc780dcaadf8e1a1a85dac)] -> xpath: //input[@value='Login']] is visible
[INFO ] 2022-08-23 14:06:08.797 [main] Log - Click on element: Proxy element for: DefaultElementLocator 'By.xpath: //input[@value='Login']'
[INFO ] 2022-08-23 14:06:08.836 [main] Log - Retrying loginToApplication again and the count is 1
[WARN ] 2022-08-23 14:06:08.845 [main] Log - loginToApplication Test is skipped
[INFO ] 2022-08-23 14:06:08.845 [main] Log - []
[INFO ] 2022-08-23 14:06:09.005 [main] Log - loginToApplication test is starting.
[INFO ] 2022-08-23 14:06:09.022 [main] Log - deleted all cookies
[ERROR] 2022-08-23 14:06:10.032 [main] Log - no such element: Unable to locate element: {"method":"css selector","selector":"#input\-email"}
  (Session info: chrome=104.0.5112.82)
For documentation on this error, please visit: https://selenium.dev/exceptions/#no_such_element
Build info: version: '4.3.0', revision: 'a4995e2c09*'
System info: host: 'BCT-LTP-G877', ip: '192.168.31.245', os.name: 'Windows 10', os.arch: 'amd64', os.version: '10.0', java.version: '18.0.2'
Driver info: org.openqa.selenium.chrome.ChromeDriver
Command: [189933671fbc780dcaadf8e1a1a85dac, findElement {using=id, value=input-email}]
Capabilities {acceptInsecureCerts: false, browserName: chrome, browserVersion: 104.0.5112.82, chrome: {chromedriverVersion: 104.0.5112.79 (3cf3e8c8a07d..., userDataDir: C:\Users\DINESH~1.PED\AppDa...}, goog:chromeOptions: {debuggerAddress: localhost:64983}, networkConnectionEnabled: false, pageLoadStrategy: normal, platformName: WINDOWS, proxy: Proxy(), se:cdp: ws://localhost:64983/devtoo..., se:cdpVersion: 104.0.5112.82, setWindowRect: true, strictFileInteractability: false, timeouts: {implicit: 0, pageLoad: 300000, script: 30000}, unhandledPromptBehavior: dismiss and notify, webauthn:extension:credBlob: true, webauthn:extension:largeBlob: true, webauthn:virtualAuthenticators: true}
Session ID: 189933671fbc780dcaadf8e1a1a85dac
[ERROR] 2022-08-23 14:06:11.041 [main] Log - no such element: Unable to locate element: {"method":"css selector","selector":"#input\-password"}
  (Session info: chrome=104.0.5112.82)
For documentation on this error, please visit: https://selenium.dev/exceptions/#no_such_element
Build info: version: '4.3.0', revision: 'a4995e2c09*'
System info: host: 'BCT-LTP-G877', ip: '192.168.31.245', os.name: 'Windows 10', os.arch: 'amd64', os.version: '10.0', java.version: '18.0.2'
Driver info: org.openqa.selenium.chrome.ChromeDriver
Command: [189933671fbc780dcaadf8e1a1a85dac, findElement {using=id, value=input-password}]
Capabilities {acceptInsecureCerts: false, browserName: chrome, browserVersion: 104.0.5112.82, chrome: {chromedriverVersion: 104.0.5112.79 (3cf3e8c8a07d..., userDataDir: C:\Users\DINESH~1.PED\AppDa...}, goog:chromeOptions: {debuggerAddress: localhost:64983}, networkConnectionEnabled: false, pageLoadStrategy: normal, platformName: WINDOWS, proxy: Proxy(), se:cdp: ws://localhost:64983/devtoo..., se:cdpVersion: 104.0.5112.82, setWindowRect: true, strictFileInteractability: false, timeouts: {implicit: 0, pageLoad: 300000, script: 30000}, unhandledPromptBehavior: dismiss and notify, webauthn:extension:credBlob: true, webauthn:extension:largeBlob: true, webauthn:virtualAuthenticators: true}
Session ID: 189933671fbc780dcaadf8e1a1a85dac
[ERROR] 2022-08-23 14:06:22.312 [main] Log - Expected condition failed: waiting for visibility of Proxy element for: DefaultElementLocator 'By.xpath: //input[@value='Login']' (tried for 10 second(s) with 500 milliseconds interval)
[ERROR] 2022-08-23 14:06:23.331 [main] Log - Fail to clicked on Proxy element for: DefaultElementLocator 'By.xpath: //input[@value='Login']'
[INFO ] 2022-08-23 14:06:23.348 [main] Log - Retrying loginToApplication again and the count is 2
[WARN ] 2022-08-23 14:06:23.355 [main] Log - loginToApplication Test is skipped
[INFO ] 2022-08-23 14:06:23.356 [main] Log - []
[INFO ] 2022-08-23 14:06:23.513 [main] Log - loginToApplication test is starting.
[INFO ] 2022-08-23 14:06:23.519 [main] Log - deleted all cookies
[ERROR] 2022-08-23 14:06:24.526 [main] Log - no such element: Unable to locate element: {"method":"css selector","selector":"#input\-email"}
  (Session info: chrome=104.0.5112.82)
For documentation on this error, please visit: https://selenium.dev/exceptions/#no_such_element
Build info: version: '4.3.0', revision: 'a4995e2c09*'
System info: host: 'BCT-LTP-G877', ip: '192.168.31.245', os.name: 'Windows 10', os.arch: 'amd64', os.version: '10.0', java.version: '18.0.2'
Driver info: org.openqa.selenium.chrome.ChromeDriver
Command: [189933671fbc780dcaadf8e1a1a85dac, findElement {using=id, value=input-email}]
Capabilities {acceptInsecureCerts: false, browserName: chrome, browserVersion: 104.0.5112.82, chrome: {chromedriverVersion: 104.0.5112.79 (3cf3e8c8a07d..., userDataDir: C:\Users\DINESH~1.PED\AppDa...}, goog:chromeOptions: {debuggerAddress: localhost:64983}, networkConnectionEnabled: false, pageLoadStrategy: normal, platformName: WINDOWS, proxy: Proxy(), se:cdp: ws://localhost:64983/devtoo..., se:cdpVersion: 104.0.5112.82, setWindowRect: true, strictFileInteractability: false, timeouts: {implicit: 0, pageLoad: 300000, script: 30000}, unhandledPromptBehavior: dismiss and notify, webauthn:extension:credBlob: true, webauthn:extension:largeBlob: true, webauthn:virtualAuthenticators: true}
Session ID: 189933671fbc780dcaadf8e1a1a85dac
[ERROR] 2022-08-23 14:06:25.585 [main] Log - no such element: Unable to locate element: {"method":"css selector","selector":"#input\-password"}
  (Session info: chrome=104.0.5112.82)
For documentation on this error, please visit: https://selenium.dev/exceptions/#no_such_element
Build info: version: '4.3.0', revision: 'a4995e2c09*'
System info: host: 'BCT-LTP-G877', ip: '192.168.31.245', os.name: 'Windows 10', os.arch: 'amd64', os.version: '10.0', java.version: '18.0.2'
Driver info: org.openqa.selenium.chrome.ChromeDriver
Command: [189933671fbc780dcaadf8e1a1a85dac, findElement {using=id, value=input-password}]
Capabilities {acceptInsecureCerts: false, browserName: chrome, browserVersion: 104.0.5112.82, chrome: {chromedriverVersion: 104.0.5112.79 (3cf3e8c8a07d..., userDataDir: C:\Users\DINESH~1.PED\AppDa...}, goog:chromeOptions: {debuggerAddress: localhost:64983}, networkConnectionEnabled: false, pageLoadStrategy: normal, platformName: WINDOWS, proxy: Proxy(), se:cdp: ws://localhost:64983/devtoo..., se:cdpVersion: 104.0.5112.82, setWindowRect: true, strictFileInteractability: false, timeouts: {implicit: 0, pageLoad: 300000, script: 30000}, unhandledPromptBehavior: dismiss and notify, webauthn:extension:credBlob: true, webauthn:extension:largeBlob: true, webauthn:virtualAuthenticators: true}
Session ID: 189933671fbc780dcaadf8e1a1a85dac
[ERROR] 2022-08-23 14:06:36.964 [main] Log - Expected condition failed: waiting for visibility of Proxy element for: DefaultElementLocator 'By.xpath: //input[@value='Login']' (tried for 10 second(s) with 500 milliseconds interval)
[ERROR] 2022-08-23 14:06:38.023 [main] Log - Fail to clicked on Proxy element for: DefaultElementLocator 'By.xpath: //input[@value='Login']'
[ERROR] 2022-08-23 14:06:38.049 [main] Log - loginToApplication Test is failed
[INFO ] 2022-08-23 14:06:39.445 [main] Log - Kills the browsers
[INFO ] 2022-08-23 14:06:39.470 [main] Log - I am in onFinish method testng
[INFO ] 2022-08-23 14:13:52.303 [main] Log - Open chrome browser
[INFO ] 2022-08-23 14:13:52.319 [main] Log - chrome browser is selected
[INFO ] 2022-08-23 14:13:57.966 [main] Log - Open the urlhttps://naveenautomationlabs.com/opencart/
[INFO ] 2022-08-23 14:14:02.402 [main] Log - https://naveenautomationlabs.com/opencart/
[INFO ] 2022-08-23 14:14:03.023 [main] Log - Text in element : [[ChromeDriver: chrome on WINDOWS (c73b95a2673e1a773f85766d09eb8577)] -> xpath: //input[@placeholder='Search']] is cleared
[INFO ] 2022-08-23 14:14:03.076 [main] Log - Click on Text Box: [[ChromeDriver: chrome on WINDOWS (c73b95a2673e1a773f85766d09eb8577)] -> xpath: //input[@placeholder='Search']]
[INFO ] 2022-08-23 14:14:03.132 [main] Log - Enter text on [[ChromeDriver: chrome on WINDOWS (c73b95a2673e1a773f85766d09eb8577)] -> xpath: //input[@placeholder='Search']] :Apple
[INFO ] 2022-08-23 14:14:03.206 [main] Log - wait for until element [[ChromeDriver: chrome on WINDOWS (c73b95a2673e1a773f85766d09eb8577)] -> xpath: //div[@id='search']/span] is visible
[INFO ] 2022-08-23 14:14:03.850 [main] Log - Click on element: [[ChromeDriver: chrome on WINDOWS (c73b95a2673e1a773f85766d09eb8577)] -> xpath: //div[@id='search']/span]
[ERROR] 2022-08-23 14:14:06.339 [main] Log - Fail to clicked on [[ChromeDriver: chrome on WINDOWS (c73b95a2673e1a773f85766d09eb8577)] -> xpath: (//a[normalize-space()='Login'])[1]]
[INFO ] 2022-08-23 14:14:08.090 [main] Log - Kills the browsers
[ERROR] 2022-08-23 14:14:08.226 [main] Log - Session ID is null. Using WebDriver after calling quit()?
Build info: version: '4.3.0', revision: 'a4995e2c09*'
System info: host: 'BCT-LTP-G877', ip: '192.168.31.245', os.name: 'Windows 10', os.arch: 'amd64', os.version: '10.0', java.version: '18.0.2'
Driver info: org.openqa.selenium.chrome.ChromeDriver
Command: [null, findElement {using=xpath, value=//span[normalize-space()='My Account']}]
Capabilities {acceptInsecureCerts: false, browserName: chrome, browserVersion: 104.0.5112.82, chrome: {chromedriverVersion: 104.0.5112.79 (3cf3e8c8a07d..., userDataDir: C:\Users\DINESH~1.PED\AppDa...}, goog:chromeOptions: {debuggerAddress: localhost:65311}, networkConnectionEnabled: false, pageLoadStrategy: normal, platformName: WINDOWS, proxy: Proxy(), se:cdp: ws://localhost:65311/devtoo..., se:cdpVersion: 104.0.5112.82, setWindowRect: true, strictFileInteractability: false, timeouts: {implicit: 0, pageLoad: 300000, script: 30000}, unhandledPromptBehavior: dismiss and notify, webauthn:extension:credBlob: true, webauthn:extension:largeBlob: true, webauthn:virtualAuthenticators: true}
[INFO ] 2022-08-23 14:24:04.139 [main] Log - Open chrome browser
[INFO ] 2022-08-23 14:24:04.149 [main] Log - chrome browser is selected
[INFO ] 2022-08-23 14:24:08.348 [main] Log - Open the urlhttps://naveenautomationlabs.com/opencart/
[INFO ] 2022-08-23 14:24:11.594 [main] Log - https://naveenautomationlabs.com/opencart/
[INFO ] 2022-08-23 14:24:12.288 [main] Log - Text in element : [[ChromeDriver: chrome on WINDOWS (40b3d93b493e0f032c214bb156f6e3fc)] -> xpath: //input[@placeholder='Search']] is cleared
[INFO ] 2022-08-23 14:24:12.337 [main] Log - Click on Text Box: [[ChromeDriver: chrome on WINDOWS (40b3d93b493e0f032c214bb156f6e3fc)] -> xpath: //input[@placeholder='Search']]
[INFO ] 2022-08-23 14:24:12.392 [main] Log - Enter text on [[ChromeDriver: chrome on WINDOWS (40b3d93b493e0f032c214bb156f6e3fc)] -> xpath: //input[@placeholder='Search']] :Apple
[INFO ] 2022-08-23 14:24:12.442 [main] Log - wait for until element [[ChromeDriver: chrome on WINDOWS (40b3d93b493e0f032c214bb156f6e3fc)] -> xpath: //div[@id='search']/span] is visible
[INFO ] 2022-08-23 14:24:12.922 [main] Log - Click on element: [[ChromeDriver: chrome on WINDOWS (40b3d93b493e0f032c214bb156f6e3fc)] -> xpath: //div[@id='search']/span]
[ERROR] 2022-08-23 14:24:15.325 [main] Log - Fail to clicked on [[ChromeDriver: chrome on WINDOWS (40b3d93b493e0f032c214bb156f6e3fc)] -> xpath: (//a[normalize-space()='Login'])[1]]
[INFO ] 2022-08-23 14:24:16.990 [main] Log - Kills the browsers
[ERROR] 2022-08-23 14:24:17.136 [main] Log - Session ID is null. Using WebDriver after calling quit()?
Build info: version: '4.3.0', revision: 'a4995e2c09*'
System info: host: 'BCT-LTP-G877', ip: '192.168.31.245', os.name: 'Windows 10', os.arch: 'amd64', os.version: '10.0', java.version: '18.0.2'
Driver info: org.openqa.selenium.chrome.ChromeDriver
Command: [null, findElement {using=xpath, value=//span[normalize-space()='My Account']}]
Capabilities {acceptInsecureCerts: false, browserName: chrome, browserVersion: 104.0.5112.82, chrome: {chromedriverVersion: 104.0.5112.79 (3cf3e8c8a07d..., userDataDir: C:\Users\DINESH~1.PED\AppDa...}, goog:chromeOptions: {debuggerAddress: localhost:50147}, networkConnectionEnabled: false, pageLoadStrategy: normal, platformName: WINDOWS, proxy: Proxy(), se:cdp: ws://localhost:50147/devtoo..., se:cdpVersion: 104.0.5112.82, setWindowRect: true, strictFileInteractability: false, timeouts: {implicit: 0, pageLoad: 300000, script: 30000}, unhandledPromptBehavior: dismiss and notify, webauthn:extension:credBlob: true, webauthn:extension:largeBlob: true, webauthn:virtualAuthenticators: true}
[INFO ] 2022-08-23 17:03:23.326 [main] Log - Open chrome browser
[INFO ] 2022-08-23 17:03:23.340 [main] Log - chrome browser is selected
[INFO ] 2022-08-23 17:03:32.932 [main] Log - Open the urlhttps://naveenautomationlabs.com/opencart/
[INFO ] 2022-08-23 17:03:45.740 [main] Log - https://naveenautomationlabs.com/opencart/
[INFO ] 2022-08-23 17:03:46.003 [main] Log - navigateToLoginPage test is starting.
[INFO ] 2022-08-23 17:03:46.669 [main] Log - move to the element : [[ChromeDriver: chrome on WINDOWS (431e713a3dce250277859c85d68f55fd)] -> xpath: //span[normalize-space()='My Account']] is clicked
[INFO ] 2022-08-23 17:03:46.743 [main] Log - wait for until element [[ChromeDriver: chrome on WINDOWS (431e713a3dce250277859c85d68f55fd)] -> xpath: (//a[normalize-space()='Login'])[1]] is visible
[INFO ] 2022-08-23 17:03:47.119 [main] Log - Click on element: [[ChromeDriver: chrome on WINDOWS (431e713a3dce250277859c85d68f55fd)] -> xpath: (//a[normalize-space()='Login'])[1]]
[INFO ] 2022-08-23 17:03:47.250 [main] Log - navigateToLoginPage Test is passed
[INFO ] 2022-08-23 17:03:47.250 [main] Log - navigateToLoginPage com.blazeclan.qa.test.testng.TestFramework  null 37dbefc9-430b-4bb5-92ed-4ec12a12f60b  []
[INFO ] 2022-08-23 17:03:47.611 [main] Log - loginToApplication test is starting.
[INFO ] 2022-08-23 17:03:47.644 [main] Log - deleted all cookies
[INFO ] 2022-08-23 17:03:47.770 [main] Log - Text in element : [[ChromeDriver: chrome on WINDOWS (431e713a3dce250277859c85d68f55fd)] -> id: input-email] is cleared
[INFO ] 2022-08-23 17:03:47.886 [main] Log - Click on Text Box: [[ChromeDriver: chrome on WINDOWS (431e713a3dce250277859c85d68f55fd)] -> id: input-email]
[INFO ] 2022-08-23 17:03:48.034 [main] Log - Enter text on [[ChromeDriver: chrome on WINDOWS (431e713a3dce250277859c85d68f55fd)] -> id: input-email] :dineshkumar.icon.dk@gmail.com
[INFO ] 2022-08-23 17:03:48.102 [main] Log - Text in element : [[ChromeDriver: chrome on WINDOWS (431e713a3dce250277859c85d68f55fd)] -> id: input-password] is cleared
[INFO ] 2022-08-23 17:03:48.163 [main] Log - Click on Text Box: [[ChromeDriver: chrome on WINDOWS (431e713a3dce250277859c85d68f55fd)] -> id: input-password]
[INFO ] 2022-08-23 17:03:48.227 [main] Log - Enter text on [[ChromeDriver: chrome on WINDOWS (431e713a3dce250277859c85d68f55fd)] -> id: input-password] :Dinnu@4318
[INFO ] 2022-08-23 17:03:48.275 [main] Log - wait for until element [[ChromeDriver: chrome on WINDOWS (431e713a3dce250277859c85d68f55fd)] -> xpath: //input[@value='Login']] is visible
[INFO ] 2022-08-23 17:03:50.192 [main] Log - Click on element: Proxy element for: DefaultElementLocator 'By.xpath: //input[@value='Login']'
[INFO ] 2022-08-23 17:03:50.267 [main] Log - Retrying loginToApplication again and the count is 1
[WARN ] 2022-08-23 17:03:50.286 [main] Log - loginToApplication Test is skipped
[INFO ] 2022-08-23 17:03:50.287 [main] Log - []
[INFO ] 2022-08-23 17:03:50.596 [main] Log - loginToApplication test is starting.
[INFO ] 2022-08-23 17:03:50.620 [main] Log - deleted all cookies
[ERROR] 2022-08-23 17:03:51.692 [main] Log - no such element: Unable to locate element: {"method":"css selector","selector":"#input\-email"}
  (Session info: chrome=104.0.5112.82)
For documentation on this error, please visit: https://selenium.dev/exceptions/#no_such_element
Build info: version: '4.3.0', revision: 'a4995e2c09*'
System info: host: 'BCT-LTP-G877', ip: '192.168.31.245', os.name: 'Windows 10', os.arch: 'amd64', os.version: '10.0', java.version: '18.0.2'
Driver info: org.openqa.selenium.chrome.ChromeDriver
Command: [431e713a3dce250277859c85d68f55fd, findElement {using=id, value=input-email}]
Capabilities {acceptInsecureCerts: false, browserName: chrome, browserVersion: 104.0.5112.82, chrome: {chromedriverVersion: 104.0.5112.79 (3cf3e8c8a07d..., userDataDir: C:\Users\DINESH~1.PED\AppDa...}, goog:chromeOptions: {debuggerAddress: localhost:57425}, networkConnectionEnabled: false, pageLoadStrategy: normal, platformName: WINDOWS, proxy: Proxy(), se:cdp: ws://localhost:57425/devtoo..., se:cdpVersion: 104.0.5112.82, setWindowRect: true, strictFileInteractability: false, timeouts: {implicit: 0, pageLoad: 300000, script: 30000}, unhandledPromptBehavior: dismiss and notify, webauthn:extension:credBlob: true, webauthn:extension:largeBlob: true, webauthn:virtualAuthenticators: true}
Session ID: 431e713a3dce250277859c85d68f55fd
[ERROR] 2022-08-23 17:03:52.713 [main] Log - no such element: Unable to locate element: {"method":"css selector","selector":"#input\-password"}
  (Session info: chrome=104.0.5112.82)
For documentation on this error, please visit: https://selenium.dev/exceptions/#no_such_element
Build info: version: '4.3.0', revision: 'a4995e2c09*'
System info: host: 'BCT-LTP-G877', ip: '192.168.31.245', os.name: 'Windows 10', os.arch: 'amd64', os.version: '10.0', java.version: '18.0.2'
Driver info: org.openqa.selenium.chrome.ChromeDriver
Command: [431e713a3dce250277859c85d68f55fd, findElement {using=id, value=input-password}]
Capabilities {acceptInsecureCerts: false, browserName: chrome, browserVersion: 104.0.5112.82, chrome: {chromedriverVersion: 104.0.5112.79 (3cf3e8c8a07d..., userDataDir: C:\Users\DINESH~1.PED\AppDa...}, goog:chromeOptions: {debuggerAddress: localhost:57425}, networkConnectionEnabled: false, pageLoadStrategy: normal, platformName: WINDOWS, proxy: Proxy(), se:cdp: ws://localhost:57425/devtoo..., se:cdpVersion: 104.0.5112.82, setWindowRect: true, strictFileInteractability: false, timeouts: {implicit: 0, pageLoad: 300000, script: 30000}, unhandledPromptBehavior: dismiss and notify, webauthn:extension:credBlob: true, webauthn:extension:largeBlob: true, webauthn:virtualAuthenticators: true}
Session ID: 431e713a3dce250277859c85d68f55fd
[ERROR] 2022-08-23 17:04:04.121 [main] Log - Expected condition failed: waiting for visibility of Proxy element for: DefaultElementLocator 'By.xpath: //input[@value='Login']' (tried for 10 second(s) with 500 milliseconds interval)
[ERROR] 2022-08-23 17:04:05.167 [main] Log - Fail to clicked on Proxy element for: DefaultElementLocator 'By.xpath: //input[@value='Login']'
[INFO ] 2022-08-23 17:04:05.214 [main] Log - Retrying loginToApplication again and the count is 2
[WARN ] 2022-08-23 17:04:05.233 [main] Log - loginToApplication Test is skipped
[INFO ] 2022-08-23 17:04:05.233 [main] Log - []
[INFO ] 2022-08-23 17:04:05.530 [main] Log - loginToApplication test is starting.
[INFO ] 2022-08-23 17:04:05.541 [main] Log - deleted all cookies
[ERROR] 2022-08-23 17:04:06.550 [main] Log - no such element: Unable to locate element: {"method":"css selector","selector":"#input\-email"}
  (Session info: chrome=104.0.5112.82)
For documentation on this error, please visit: https://selenium.dev/exceptions/#no_such_element
Build info: version: '4.3.0', revision: 'a4995e2c09*'
System info: host: 'BCT-LTP-G877', ip: '192.168.31.245', os.name: 'Windows 10', os.arch: 'amd64', os.version: '10.0', java.version: '18.0.2'
Driver info: org.openqa.selenium.chrome.ChromeDriver
Command: [431e713a3dce250277859c85d68f55fd, findElement {using=id, value=input-email}]
Capabilities {acceptInsecureCerts: false, browserName: chrome, browserVersion: 104.0.5112.82, chrome: {chromedriverVersion: 104.0.5112.79 (3cf3e8c8a07d..., userDataDir: C:\Users\DINESH~1.PED\AppDa...}, goog:chromeOptions: {debuggerAddress: localhost:57425}, networkConnectionEnabled: false, pageLoadStrategy: normal, platformName: WINDOWS, proxy: Proxy(), se:cdp: ws://localhost:57425/devtoo..., se:cdpVersion: 104.0.5112.82, setWindowRect: true, strictFileInteractability: false, timeouts: {implicit: 0, pageLoad: 300000, script: 30000}, unhandledPromptBehavior: dismiss and notify, webauthn:extension:credBlob: true, webauthn:extension:largeBlob: true, webauthn:virtualAuthenticators: true}
Session ID: 431e713a3dce250277859c85d68f55fd
[ERROR] 2022-08-23 17:04:07.580 [main] Log - no such element: Unable to locate element: {"method":"css selector","selector":"#input\-password"}
  (Session info: chrome=104.0.5112.82)
For documentation on this error, please visit: https://selenium.dev/exceptions/#no_such_element
Build info: version: '4.3.0', revision: 'a4995e2c09*'
System info: host: 'BCT-LTP-G877', ip: '192.168.31.245', os.name: 'Windows 10', os.arch: 'amd64', os.version: '10.0', java.version: '18.0.2'
Driver info: org.openqa.selenium.chrome.ChromeDriver
Command: [431e713a3dce250277859c85d68f55fd, findElement {using=id, value=input-password}]
Capabilities {acceptInsecureCerts: false, browserName: chrome, browserVersion: 104.0.5112.82, chrome: {chromedriverVersion: 104.0.5112.79 (3cf3e8c8a07d..., userDataDir: C:\Users\DINESH~1.PED\AppDa...}, goog:chromeOptions: {debuggerAddress: localhost:57425}, networkConnectionEnabled: false, pageLoadStrategy: normal, platformName: WINDOWS, proxy: Proxy(), se:cdp: ws://localhost:57425/devtoo..., se:cdpVersion: 104.0.5112.82, setWindowRect: true, strictFileInteractability: false, timeouts: {implicit: 0, pageLoad: 300000, script: 30000}, unhandledPromptBehavior: dismiss and notify, webauthn:extension:credBlob: true, webauthn:extension:largeBlob: true, webauthn:virtualAuthenticators: true}
Session ID: 431e713a3dce250277859c85d68f55fd
[ERROR] 2022-08-23 17:04:18.913 [main] Log - Expected condition failed: waiting for visibility of Proxy element for: DefaultElementLocator 'By.xpath: //input[@value='Login']' (tried for 10 second(s) with 500 milliseconds interval)
[ERROR] 2022-08-23 17:04:19.957 [main] Log - Fail to clicked on Proxy element for: DefaultElementLocator 'By.xpath: //input[@value='Login']'
[ERROR] 2022-08-23 17:04:20.034 [main] Log - loginToApplication Test is failed
[INFO ] 2022-08-23 17:04:21.543 [main] Log - Kills the browsers
[INFO ] 2022-08-23 17:04:21.604 [main] Log - I am in onFinish method testng
[INFO ] 2022-08-23 17:14:03.916 [main] Log - Open chrome browser
[INFO ] 2022-08-23 17:14:03.928 [main] Log - chrome browser is selected
[INFO ] 2022-08-23 17:14:10.740 [main] Log - Open the urlhttps://naveenautomationlabs.com/opencart/
[INFO ] 2022-08-23 17:14:16.087 [main] Log - https://naveenautomationlabs.com/opencart/
[INFO ] 2022-08-23 17:14:16.391 [main] Log - navigateToLoginPage test is starting.
[ERROR] 2022-08-23 17:14:16.834 [main] Log - element not interactable: [object HTMLSpanElement] has no size and location
  (Session info: chrome=104.0.5112.82)
Build info: version: '4.3.0', revision: 'a4995e2c09*'
System info: host: 'BCT-LTP-G877', ip: '192.168.31.245', os.name: 'Windows 10', os.arch: 'amd64', os.version: '10.0', java.version: '18.0.2'
Driver info: org.openqa.selenium.chrome.ChromeDriver
Command: [0e26b4d0c3480087079c92a29708f835, actions {actions=[org.openqa.selenium.interactions.Sequence@30bf26df]}]
Capabilities {acceptInsecureCerts: false, browserName: chrome, browserVersion: 104.0.5112.82, chrome: {chromedriverVersion: 104.0.5112.79 (3cf3e8c8a07d..., userDataDir: C:\Users\DINESH~1.PED\AppDa...}, goog:chromeOptions: {debuggerAddress: localhost:57982}, networkConnectionEnabled: false, pageLoadStrategy: normal, platformName: WINDOWS, proxy: Proxy(), se:cdp: ws://localhost:57982/devtoo..., se:cdpVersion: 104.0.5112.82, setWindowRect: true, strictFileInteractability: false, timeouts: {implicit: 0, pageLoad: 300000, script: 30000}, unhandledPromptBehavior: dismiss and notify, webauthn:extension:credBlob: true, webauthn:extension:largeBlob: true, webauthn:virtualAuthenticators: true}
Session ID: 0e26b4d0c3480087079c92a29708f835
[ERROR] 2022-08-23 17:14:27.348 [main] Log - Expected condition failed: waiting for visibility of [[ChromeDriver: chrome on WINDOWS (0e26b4d0c3480087079c92a29708f835)] -> xpath: (//a[normalize-space()='Login'])[1]] (tried for 10 second(s) with 500 milliseconds interval)
Build info: version: '4.3.0', revision: 'a4995e2c09*'
System info: host: 'BCT-LTP-G877', ip: '192.168.31.245', os.name: 'Windows 10', os.arch: 'amd64', os.version: '10.0', java.version: '18.0.2'
Driver info: org.openqa.selenium.chrome.ChromeDriver
Capabilities {acceptInsecureCerts: false, browserName: chrome, browserVersion: 104.0.5112.82, chrome: {chromedriverVersion: 104.0.5112.79 (3cf3e8c8a07d..., userDataDir: C:\Users\DINESH~1.PED\AppDa...}, goog:chromeOptions: {debuggerAddress: localhost:57982}, networkConnectionEnabled: false, pageLoadStrategy: normal, platformName: WINDOWS, proxy: Proxy(), se:cdp: ws://localhost:57982/devtoo..., se:cdpVersion: 104.0.5112.82, setWindowRect: true, strictFileInteractability: false, timeouts: {implicit: 0, pageLoad: 300000, script: 30000}, unhandledPromptBehavior: dismiss and notify, webauthn:extension:credBlob: true, webauthn:extension:largeBlob: true, webauthn:virtualAuthenticators: true}
Session ID: 0e26b4d0c3480087079c92a29708f835
[ERROR] 2022-08-23 17:14:27.357 [main] Log - Fail to clicked on [[ChromeDriver: chrome on WINDOWS (0e26b4d0c3480087079c92a29708f835)] -> xpath: (//a[normalize-space()='Login'])[1]]
[INFO ] 2022-08-23 17:14:27.368 [main] Log - Clicked on element : [[ChromeDriver: chrome on WINDOWS (0e26b4d0c3480087079c92a29708f835)] -> xpath: (//a[normalize-space()='Login'])[1]]
[INFO ] 2022-08-23 17:14:27.406 [main] Log - Retrying navigateToLoginPage again and the count is 1
[WARN ] 2022-08-23 17:14:27.515 [main] Log - navigateToLoginPage Test is skipped
[INFO ] 2022-08-23 17:14:27.515 [main] Log - []
[INFO ] 2022-08-23 17:14:28.104 [main] Log - navigateToLoginPage test is starting.
[INFO ] 2022-08-23 17:14:28.301 [main] Log - move to the element : [[ChromeDriver: chrome on WINDOWS (0e26b4d0c3480087079c92a29708f835)] -> xpath: //span[normalize-space()='My Account']] is clicked
[INFO ] 2022-08-23 17:14:28.358 [main] Log - wait for until element [[ChromeDriver: chrome on WINDOWS (0e26b4d0c3480087079c92a29708f835)] -> xpath: (//a[normalize-space()='Login'])[1]] is visible
[INFO ] 2022-08-23 17:14:29.325 [main] Log - Click on element: [[ChromeDriver: chrome on WINDOWS (0e26b4d0c3480087079c92a29708f835)] -> xpath: (//a[normalize-space()='Login'])[1]]
[INFO ] 2022-08-23 17:14:29.339 [main] Log - Clicked on element : [[ChromeDriver: chrome on WINDOWS (0e26b4d0c3480087079c92a29708f835)] -> xpath: (//a[normalize-space()='Login'])[1]]
[INFO ] 2022-08-23 17:14:29.524 [main] Log - navigateToLoginPage Test is passed
[INFO ] 2022-08-23 17:14:29.525 [main] Log - navigateToLoginPage com.blazeclan.qa.test.testng.TestFramework  null 930b5c52-820f-486a-a966-2db06bc74945  []
[INFO ] 2022-08-23 17:14:29.827 [main] Log - loginToApplication test is starting.
[INFO ] 2022-08-23 17:14:29.849 [main] Log - deleted all cookies
[INFO ] 2022-08-23 17:14:29.928 [main] Log - Text in element : [[ChromeDriver: chrome on WINDOWS (0e26b4d0c3480087079c92a29708f835)] -> id: input-email] is cleared
[INFO ] 2022-08-23 17:14:30.032 [main] Log - Click on Text Box: [[ChromeDriver: chrome on WINDOWS (0e26b4d0c3480087079c92a29708f835)] -> id: input-email]
[INFO ] 2022-08-23 17:14:30.179 [main] Log - Enter text on [[ChromeDriver: chrome on WINDOWS (0e26b4d0c3480087079c92a29708f835)] -> id: input-email] :dineshkumar.icon.dk@gmail.com
[INFO ] 2022-08-23 17:14:30.252 [main] Log - Text in element : [[ChromeDriver: chrome on WINDOWS (0e26b4d0c3480087079c92a29708f835)] -> id: input-password] is cleared
[INFO ] 2022-08-23 17:14:30.333 [main] Log - Click on Text Box: [[ChromeDriver: chrome on WINDOWS (0e26b4d0c3480087079c92a29708f835)] -> id: input-password]
[INFO ] 2022-08-23 17:14:30.526 [main] Log - Enter text on [[ChromeDriver: chrome on WINDOWS (0e26b4d0c3480087079c92a29708f835)] -> id: input-password] :Dinnu@4318
[INFO ] 2022-08-23 17:14:30.648 [main] Log - wait for until element [[ChromeDriver: chrome on WINDOWS (0e26b4d0c3480087079c92a29708f835)] -> xpath: //input[@value='Login']] is visible
[INFO ] 2022-08-23 17:14:32.576 [main] Log - Click on element: Proxy element for: DefaultElementLocator 'By.xpath: //input[@value='Login']'
[INFO ] 2022-08-23 17:14:32.629 [main] Log - Retrying loginToApplication again and the count is 1
[WARN ] 2022-08-23 17:14:32.640 [main] Log - loginToApplication Test is skipped
[INFO ] 2022-08-23 17:14:32.641 [main] Log - []
[INFO ] 2022-08-23 17:14:33.475 [main] Log - loginToApplication test is starting.
[INFO ] 2022-08-23 17:14:33.874 [main] Log - deleted all cookies
[ERROR] 2022-08-23 17:14:35.017 [main] Log - no such element: Unable to locate element: {"method":"css selector","selector":"#input\-email"}
  (Session info: chrome=104.0.5112.82)
For documentation on this error, please visit: https://selenium.dev/exceptions/#no_such_element
Build info: version: '4.3.0', revision: 'a4995e2c09*'
System info: host: 'BCT-LTP-G877', ip: '192.168.31.245', os.name: 'Windows 10', os.arch: 'amd64', os.version: '10.0', java.version: '18.0.2'
Driver info: org.openqa.selenium.chrome.ChromeDriver
Command: [0e26b4d0c3480087079c92a29708f835, findElement {using=id, value=input-email}]
Capabilities {acceptInsecureCerts: false, browserName: chrome, browserVersion: 104.0.5112.82, chrome: {chromedriverVersion: 104.0.5112.79 (3cf3e8c8a07d..., userDataDir: C:\Users\DINESH~1.PED\AppDa...}, goog:chromeOptions: {debuggerAddress: localhost:57982}, networkConnectionEnabled: false, pageLoadStrategy: normal, platformName: WINDOWS, proxy: Proxy(), se:cdp: ws://localhost:57982/devtoo..., se:cdpVersion: 104.0.5112.82, setWindowRect: true, strictFileInteractability: false, timeouts: {implicit: 0, pageLoad: 300000, script: 30000}, unhandledPromptBehavior: dismiss and notify, webauthn:extension:credBlob: true, webauthn:extension:largeBlob: true, webauthn:virtualAuthenticators: true}
Session ID: 0e26b4d0c3480087079c92a29708f835
[ERROR] 2022-08-23 17:14:36.049 [main] Log - no such element: Unable to locate element: {"method":"css selector","selector":"#input\-password"}
  (Session info: chrome=104.0.5112.82)
For documentation on this error, please visit: https://selenium.dev/exceptions/#no_such_element
Build info: version: '4.3.0', revision: 'a4995e2c09*'
System info: host: 'BCT-LTP-G877', ip: '192.168.31.245', os.name: 'Windows 10', os.arch: 'amd64', os.version: '10.0', java.version: '18.0.2'
Driver info: org.openqa.selenium.chrome.ChromeDriver
Command: [0e26b4d0c3480087079c92a29708f835, findElement {using=id, value=input-password}]
Capabilities {acceptInsecureCerts: false, browserName: chrome, browserVersion: 104.0.5112.82, chrome: {chromedriverVersion: 104.0.5112.79 (3cf3e8c8a07d..., userDataDir: C:\Users\DINESH~1.PED\AppDa...}, goog:chromeOptions: {debuggerAddress: localhost:57982}, networkConnectionEnabled: false, pageLoadStrategy: normal, platformName: WINDOWS, proxy: Proxy(), se:cdp: ws://localhost:57982/devtoo..., se:cdpVersion: 104.0.5112.82, setWindowRect: true, strictFileInteractability: false, timeouts: {implicit: 0, pageLoad: 300000, script: 30000}, unhandledPromptBehavior: dismiss and notify, webauthn:extension:credBlob: true, webauthn:extension:largeBlob: true, webauthn:virtualAuthenticators: true}
Session ID: 0e26b4d0c3480087079c92a29708f835
[ERROR] 2022-08-23 17:14:47.364 [main] Log - Expected condition failed: waiting for visibility of Proxy element for: DefaultElementLocator 'By.xpath: //input[@value='Login']' (tried for 10 second(s) with 500 milliseconds interval)
[ERROR] 2022-08-23 17:14:48.388 [main] Log - Fail to clicked on Proxy element for: DefaultElementLocator 'By.xpath: //input[@value='Login']'
[INFO ] 2022-08-23 17:14:48.428 [main] Log - Retrying loginToApplication again and the count is 2
[WARN ] 2022-08-23 17:14:48.444 [main] Log - loginToApplication Test is skipped
[INFO ] 2022-08-23 17:14:48.444 [main] Log - []
[INFO ] 2022-08-23 17:14:48.862 [main] Log - loginToApplication test is starting.
[INFO ] 2022-08-23 17:14:48.872 [main] Log - deleted all cookies
[ERROR] 2022-08-23 17:14:49.883 [main] Log - no such element: Unable to locate element: {"method":"css selector","selector":"#input\-email"}
  (Session info: chrome=104.0.5112.82)
For documentation on this error, please visit: https://selenium.dev/exceptions/#no_such_element
Build info: version: '4.3.0', revision: 'a4995e2c09*'
System info: host: 'BCT-LTP-G877', ip: '192.168.31.245', os.name: 'Windows 10', os.arch: 'amd64', os.version: '10.0', java.version: '18.0.2'
Driver info: org.openqa.selenium.chrome.ChromeDriver
Command: [0e26b4d0c3480087079c92a29708f835, findElement {using=id, value=input-email}]
Capabilities {acceptInsecureCerts: false, browserName: chrome, browserVersion: 104.0.5112.82, chrome: {chromedriverVersion: 104.0.5112.79 (3cf3e8c8a07d..., userDataDir: C:\Users\DINESH~1.PED\AppDa...}, goog:chromeOptions: {debuggerAddress: localhost:57982}, networkConnectionEnabled: false, pageLoadStrategy: normal, platformName: WINDOWS, proxy: Proxy(), se:cdp: ws://localhost:57982/devtoo..., se:cdpVersion: 104.0.5112.82, setWindowRect: true, strictFileInteractability: false, timeouts: {implicit: 0, pageLoad: 300000, script: 30000}, unhandledPromptBehavior: dismiss and notify, webauthn:extension:credBlob: true, webauthn:extension:largeBlob: true, webauthn:virtualAuthenticators: true}
Session ID: 0e26b4d0c3480087079c92a29708f835
[ERROR] 2022-08-23 17:14:50.898 [main] Log - no such element: Unable to locate element: {"method":"css selector","selector":"#input\-password"}
  (Session info: chrome=104.0.5112.82)
For documentation on this error, please visit: https://selenium.dev/exceptions/#no_such_element
Build info: version: '4.3.0', revision: 'a4995e2c09*'
System info: host: 'BCT-LTP-G877', ip: '192.168.31.245', os.name: 'Windows 10', os.arch: 'amd64', os.version: '10.0', java.version: '18.0.2'
Driver info: org.openqa.selenium.chrome.ChromeDriver
Command: [0e26b4d0c3480087079c92a29708f835, findElement {using=id, value=input-password}]
Capabilities {acceptInsecureCerts: false, browserName: chrome, browserVersion: 104.0.5112.82, chrome: {chromedriverVersion: 104.0.5112.79 (3cf3e8c8a07d..., userDataDir: C:\Users\DINESH~1.PED\AppDa...}, goog:chromeOptions: {debuggerAddress: localhost:57982}, networkConnectionEnabled: false, pageLoadStrategy: normal, platformName: WINDOWS, proxy: Proxy(), se:cdp: ws://localhost:57982/devtoo..., se:cdpVersion: 104.0.5112.82, setWindowRect: true, strictFileInteractability: false, timeouts: {implicit: 0, pageLoad: 300000, script: 30000}, unhandledPromptBehavior: dismiss and notify, webauthn:extension:credBlob: true, webauthn:extension:largeBlob: true, webauthn:virtualAuthenticators: true}
Session ID: 0e26b4d0c3480087079c92a29708f835
[ERROR] 2022-08-23 17:15:02.222 [main] Log - Expected condition failed: waiting for visibility of Proxy element for: DefaultElementLocator 'By.xpath: //input[@value='Login']' (tried for 10 second(s) with 500 milliseconds interval)
[ERROR] 2022-08-23 17:15:03.276 [main] Log - Fail to clicked on Proxy element for: DefaultElementLocator 'By.xpath: //input[@value='Login']'
[ERROR] 2022-08-23 17:15:03.342 [main] Log - loginToApplication Test is failed
[INFO ] 2022-08-23 17:15:04.879 [main] Log - Kills the browsers
[INFO ] 2022-08-23 17:15:04.922 [main] Log - I am in onFinish method testng
[INFO ] 2022-08-23 17:16:52.199 [main] Log - Open chrome browser
[INFO ] 2022-08-23 17:16:52.222 [main] Log - chrome browser is selected
[INFO ] 2022-08-23 17:16:59.088 [main] Log - Open the urlhttps://naveenautomationlabs.com/opencart/
[INFO ] 2022-08-23 17:17:03.248 [main] Log - https://naveenautomationlabs.com/opencart/
[INFO ] 2022-08-23 17:17:03.559 [main] Log - navigateToLoginPage test is starting.
[INFO ] 2022-08-23 17:17:04.339 [main] Log - move to the element : [[ChromeDriver: chrome on WINDOWS (dbbfeecf7276c82d8e1e9b7fce213268)] -> xpath: //span[normalize-space()='My Account']] is clicked
[INFO ] 2022-08-23 17:17:04.443 [main] Log - wait for until element [[ChromeDriver: chrome on WINDOWS (dbbfeecf7276c82d8e1e9b7fce213268)] -> xpath: (//a[normalize-space()='Login'])[1]] is visible
[INFO ] 2022-08-23 17:17:04.893 [main] Log - Click on element: [[ChromeDriver: chrome on WINDOWS (dbbfeecf7276c82d8e1e9b7fce213268)] -> xpath: (//a[normalize-space()='Login'])[1]]
[INFO ] 2022-08-23 17:17:04.906 [main] Log - Clicked on element : [[ChromeDriver: chrome on WINDOWS (dbbfeecf7276c82d8e1e9b7fce213268)] -> xpath: (//a[normalize-space()='Login'])[1]]
[INFO ] 2022-08-23 17:17:05.065 [main] Log - navigateToLoginPage Test is passed
[INFO ] 2022-08-23 17:17:05.066 [main] Log - navigateToLoginPage com.blazeclan.qa.test.testng.TestFramework  null f809c2d7-1077-40b9-9832-2e6f9ed733fc  []
[INFO ] 2022-08-23 17:17:05.597 [main] Log - loginToApplication test is starting.
[INFO ] 2022-08-23 17:17:05.621 [main] Log - deleted all cookies
[INFO ] 2022-08-23 17:17:05.694 [main] Log - Text in element : [[ChromeDriver: chrome on WINDOWS (dbbfeecf7276c82d8e1e9b7fce213268)] -> id: input-email] is cleared
[INFO ] 2022-08-23 17:17:05.764 [main] Log - Click on Text Box: [[ChromeDriver: chrome on WINDOWS (dbbfeecf7276c82d8e1e9b7fce213268)] -> id: input-email]
[INFO ] 2022-08-23 17:17:05.871 [main] Log - Enter text on [[ChromeDriver: chrome on WINDOWS (dbbfeecf7276c82d8e1e9b7fce213268)] -> id: input-email] :dineshkumar.icon.dk@gmail.com
[INFO ] 2022-08-23 17:17:05.948 [main] Log - Text in element : [[ChromeDriver: chrome on WINDOWS (dbbfeecf7276c82d8e1e9b7fce213268)] -> id: input-password] is cleared
[INFO ] 2022-08-23 17:17:06.008 [main] Log - Click on Text Box: [[ChromeDriver: chrome on WINDOWS (dbbfeecf7276c82d8e1e9b7fce213268)] -> id: input-password]
[INFO ] 2022-08-23 17:17:06.077 [main] Log - Enter text on [[ChromeDriver: chrome on WINDOWS (dbbfeecf7276c82d8e1e9b7fce213268)] -> id: input-password] :Dinnu@4318
[INFO ] 2022-08-23 17:17:06.133 [main] Log - wait for until element [[ChromeDriver: chrome on WINDOWS (dbbfeecf7276c82d8e1e9b7fce213268)] -> xpath: //input[@value='Login']] is visible
[INFO ] 2022-08-23 17:17:07.786 [main] Log - Click on element: Proxy element for: DefaultElementLocator 'By.xpath: //input[@value='Login']'
[INFO ] 2022-08-23 17:17:07.875 [main] Log - loginToApplication Test is passed
[INFO ] 2022-08-23 17:17:07.875 [main] Log - loginToApplication com.blazeclan.qa.test.testng.TestFramework  null b1975d1d-c3ee-40a5-a790-b0bea30f185f  []
[INFO ] 2022-08-23 17:17:09.493 [main] Log - Kills the browsers
[INFO ] 2022-08-23 17:17:09.537 [main] Log - I am in onFinish method testng
[INFO ] 2022-08-23 17:22:53.754 [main] Log - Open chrome browser
[INFO ] 2022-08-23 17:22:54.305 [main] Log - navigateToLoginPage test is starting.
[ERROR] 2022-08-23 17:22:54.326 [main] Log - navigateToLoginPage Test is failed
[INFO ] 2022-08-23 17:22:54.369 [main] Log - I am in onFinish method testng
[INFO ] 2022-08-23 17:30:02.628 [main] Log - Open chrome browser
[INFO ] 2022-08-23 17:30:03.173 [main] Log - navigateToLoginPage test is starting.
[ERROR] 2022-08-23 17:30:03.198 [main] Log - navigateToLoginPage Test is failed
[INFO ] 2022-08-23 17:30:03.235 [main] Log - I am in onFinish method testng
[INFO ] 2022-08-23 17:32:09.452 [main] Log - Open chrome browser
[INFO ] 2022-08-23 17:32:09.642 [main] Log - chrome browser is selected
[INFO ] 2022-08-23 17:32:14.434 [main] Log - Open the urlhttps://naveenautomationlabs.com/opencart/
[INFO ] 2022-08-23 17:32:19.197 [main] Log - https://naveenautomationlabs.com/opencart/
[INFO ] 2022-08-23 17:32:19.410 [main] Log - navigateToLoginPage test is starting.
[INFO ] 2022-08-23 17:32:19.636 [main] Log - move to the element : [[ChromeDriver: chrome on WINDOWS (7a68b2cf54eb6668b65a98d9afa5a335)] -> xpath: //span[normalize-space()='My Account']] is clicked
[INFO ] 2022-08-23 17:32:19.700 [main] Log - wait for until element [[ChromeDriver: chrome on WINDOWS (7a68b2cf54eb6668b65a98d9afa5a335)] -> xpath: (//a[normalize-space()='Login'])[1]] is visible
[INFO ] 2022-08-23 17:32:20.828 [main] Log - Click on element: [[ChromeDriver: chrome on WINDOWS (7a68b2cf54eb6668b65a98d9afa5a335)] -> xpath: (//a[normalize-space()='Login'])[1]]
[INFO ] 2022-08-23 17:32:20.842 [main] Log - Clicked on element : [[ChromeDriver: chrome on WINDOWS (7a68b2cf54eb6668b65a98d9afa5a335)] -> xpath: (//a[normalize-space()='Login'])[1]]
[INFO ] 2022-08-23 17:32:20.931 [main] Log - navigateToLoginPage Test is passed
[INFO ] 2022-08-23 17:32:20.931 [main] Log - navigateToLoginPage com.blazeclan.qa.test.testng.TestFramework  null 450ec704-3c14-407b-bbf8-85ea54889caf  []
[INFO ] 2022-08-23 17:32:21.158 [main] Log - loginToApplication test is starting.
[INFO ] 2022-08-23 17:32:21.179 [main] Log - deleted all cookies
[INFO ] 2022-08-23 17:32:21.232 [main] Log - Text in element : [[ChromeDriver: chrome on WINDOWS (7a68b2cf54eb6668b65a98d9afa5a335)] -> id: input-email] is cleared
[INFO ] 2022-08-23 17:32:21.278 [main] Log - Click on Text Box: [[ChromeDriver: chrome on WINDOWS (7a68b2cf54eb6668b65a98d9afa5a335)] -> id: input-email]
[INFO ] 2022-08-23 17:32:21.356 [main] Log - Enter text on [[ChromeDriver: chrome on WINDOWS (7a68b2cf54eb6668b65a98d9afa5a335)] -> id: input-email] :dineshkumar.icon.dk@gmail.com
[INFO ] 2022-08-23 17:32:21.418 [main] Log - Text in element : [[ChromeDriver: chrome on WINDOWS (7a68b2cf54eb6668b65a98d9afa5a335)] -> id: input-password] is cleared
[INFO ] 2022-08-23 17:32:21.473 [main] Log - Click on Text Box: [[ChromeDriver: chrome on WINDOWS (7a68b2cf54eb6668b65a98d9afa5a335)] -> id: input-password]
[INFO ] 2022-08-23 17:32:21.525 [main] Log - Enter text on [[ChromeDriver: chrome on WINDOWS (7a68b2cf54eb6668b65a98d9afa5a335)] -> id: input-password] :Dinnu@4318
[INFO ] 2022-08-23 17:32:21.568 [main] Log - wait for until element [[ChromeDriver: chrome on WINDOWS (7a68b2cf54eb6668b65a98d9afa5a335)] -> xpath: //input[@value='Login']] is visible
[INFO ] 2022-08-23 17:32:23.145 [main] Log - Click on element: Proxy element for: DefaultElementLocator 'By.xpath: //input[@value='Login']'
[INFO ] 2022-08-23 17:32:23.206 [main] Log - loginToApplication Test is passed
[INFO ] 2022-08-23 17:32:23.206 [main] Log - loginToApplication com.blazeclan.qa.test.testng.TestFramework  null 5528f68b-21c1-4c4e-a524-56706a3c0812  []
[INFO ] 2022-08-23 17:32:24.547 [main] Log - Kills the browsers
[INFO ] 2022-08-23 17:32:24.587 [main] Log - I am in onFinish method testng
[INFO ] 2022-08-23 17:39:09.995 [main] Log - Open chrome browser
[INFO ] 2022-08-23 17:39:10.174 [main] Log - chrome browser is selected
[INFO ] 2022-08-23 17:39:15.723 [main] Log - Open the urlhttps://naveenautomationlabs.com/opencart/
[INFO ] 2022-08-23 17:39:19.935 [main] Log - https://naveenautomationlabs.com/opencart/
[INFO ] 2022-08-23 17:39:20.754 [main] Log - Text in element : [[ChromeDriver: chrome on WINDOWS (868e48405a3f49cbdbaaeaace4a3932c)] -> xpath: //input[@placeholder='Search']] is cleared
[INFO ] 2022-08-23 17:39:20.825 [main] Log - Click on Text Box: [[ChromeDriver: chrome on WINDOWS (868e48405a3f49cbdbaaeaace4a3932c)] -> xpath: //input[@placeholder='Search']]
[INFO ] 2022-08-23 17:39:20.905 [main] Log - Enter text on [[ChromeDriver: chrome on WINDOWS (868e48405a3f49cbdbaaeaace4a3932c)] -> xpath: //input[@placeholder='Search']] :Apple
[INFO ] 2022-08-23 17:39:20.951 [main] Log - wait for until element [[ChromeDriver: chrome on WINDOWS (868e48405a3f49cbdbaaeaace4a3932c)] -> xpath: //div[@id='search']/span] is visible
[INFO ] 2022-08-23 17:39:21.383 [main] Log - Click on element: [[ChromeDriver: chrome on WINDOWS (868e48405a3f49cbdbaaeaace4a3932c)] -> xpath: //div[@id='search']/span]
[ERROR] 2022-08-23 17:39:24.078 [main] Log - Fail to clicked on [[ChromeDriver: chrome on WINDOWS (868e48405a3f49cbdbaaeaace4a3932c)] -> xpath: (//a[normalize-space()='Login'])[1]]
[INFO ] 2022-08-23 17:39:25.827 [main] Log - Kills the browsers
[ERROR] 2022-08-23 17:39:26.118 [main] Log - Session ID is null. Using WebDriver after calling quit()?
Build info: version: '4.3.0', revision: 'a4995e2c09*'
System info: host: 'BCT-LTP-G877', ip: '192.168.31.245', os.name: 'Windows 10', os.arch: 'amd64', os.version: '10.0', java.version: '18.0.2'
Driver info: org.openqa.selenium.chrome.ChromeDriver
Command: [null, findElement {using=xpath, value=//span[normalize-space()='My Account']}]
Capabilities {acceptInsecureCerts: false, browserName: chrome, browserVersion: 104.0.5112.82, chrome: {chromedriverVersion: 104.0.5112.79 (3cf3e8c8a07d..., userDataDir: C:\Users\DINESH~1.PED\AppDa...}, goog:chromeOptions: {debuggerAddress: localhost:59577}, networkConnectionEnabled: false, pageLoadStrategy: normal, platformName: WINDOWS, proxy: Proxy(), se:cdp: ws://localhost:59577/devtoo..., se:cdpVersion: 104.0.5112.82, setWindowRect: true, strictFileInteractability: false, timeouts: {implicit: 0, pageLoad: 300000, script: 30000}, unhandledPromptBehavior: dismiss and notify, webauthn:extension:credBlob: true, webauthn:extension:largeBlob: true, webauthn:virtualAuthenticators: true}
[INFO ] 2022-08-23 17:43:05.601 [main] Log - Open chrome browser
[INFO ] 2022-08-23 17:43:05.787 [main] Log - chrome browser is selected
[INFO ] 2022-08-23 17:43:12.543 [main] Log - Open the urlhttps://naveenautomationlabs.com/opencart/
[INFO ] 2022-08-23 17:43:18.585 [main] Log - https://naveenautomationlabs.com/opencart/
[INFO ] 2022-08-23 17:43:19.432 [main] Log - Text in element : [[ChromeDriver: chrome on WINDOWS (f344e7d2f12fc6518b1be844b3bcde89)] -> xpath: //input[@placeholder='Search']] is cleared
[INFO ] 2022-08-23 17:43:19.528 [main] Log - Click on Text Box: [[ChromeDriver: chrome on WINDOWS (f344e7d2f12fc6518b1be844b3bcde89)] -> xpath: //input[@placeholder='Search']]
[INFO ] 2022-08-23 17:43:19.626 [main] Log - Enter text on [[ChromeDriver: chrome on WINDOWS (f344e7d2f12fc6518b1be844b3bcde89)] -> xpath: //input[@placeholder='Search']] :Apple
[INFO ] 2022-08-23 17:43:19.680 [main] Log - wait for until element [[ChromeDriver: chrome on WINDOWS (f344e7d2f12fc6518b1be844b3bcde89)] -> xpath: //div[@id='search']/span] is visible
[INFO ] 2022-08-23 17:43:20.743 [main] Log - Click on element: [[ChromeDriver: chrome on WINDOWS (f344e7d2f12fc6518b1be844b3bcde89)] -> xpath: //div[@id='search']/span]
[ERROR] 2022-08-23 17:43:23.417 [main] Log - Fail to clicked on [[ChromeDriver: chrome on WINDOWS (f344e7d2f12fc6518b1be844b3bcde89)] -> xpath: (//a[normalize-space()='Login'])[1]]
[INFO ] 2022-08-23 17:43:25.362 [main] Log - Kills the browsers
[INFO ] 2022-08-23 17:43:25.464 [main] Log - Open chrome browser
[INFO ] 2022-08-23 17:43:25.465 [main] Log - chrome browser is selected
[INFO ] 2022-08-23 17:43:29.115 [main] Log - Open the urlhttps://naveenautomationlabs.com/opencart/
[INFO ] 2022-08-23 17:43:31.896 [main] Log - https://naveenautomationlabs.com/opencart/
[INFO ] 2022-08-23 17:43:32.616 [main] Log - wait for until element [[ChromeDriver: chrome on WINDOWS (0fd15ab7f7531e750845e5927c54f98a)] -> xpath: //span[normalize-space()='My Account']] is visible
[INFO ] 2022-08-23 17:43:32.673 [main] Log - Click on element: [[ChromeDriver: chrome on WINDOWS (0fd15ab7f7531e750845e5927c54f98a)] -> xpath: //span[normalize-space()='My Account']]
[INFO ] 2022-08-23 17:43:32.714 [main] Log - wait for until element [[ChromeDriver: chrome on WINDOWS (0fd15ab7f7531e750845e5927c54f98a)] -> xpath: (//a[normalize-space()='Login'])[1]] is visible
[INFO ] 2022-08-23 17:43:33.016 [main] Log - Click on element: [[ChromeDriver: chrome on WINDOWS (0fd15ab7f7531e750845e5927c54f98a)] -> xpath: (//a[normalize-space()='Login'])[1]]
[INFO ] 2022-08-23 17:43:33.364 [main] Log - Text in element : [[ChromeDriver: chrome on WINDOWS (0fd15ab7f7531e750845e5927c54f98a)] -> id: input-email] is cleared
[INFO ] 2022-08-23 17:43:33.435 [main] Log - Click on Text Box: [[ChromeDriver: chrome on WINDOWS (0fd15ab7f7531e750845e5927c54f98a)] -> id: input-email]
[INFO ] 2022-08-23 17:43:33.557 [main] Log - Enter text on [[ChromeDriver: chrome on WINDOWS (0fd15ab7f7531e750845e5927c54f98a)] -> id: input-email] :dineshkumar.icon.dk@gmail.com
[INFO ] 2022-08-23 17:43:33.627 [main] Log - Text in element : [[ChromeDriver: chrome on WINDOWS (0fd15ab7f7531e750845e5927c54f98a)] -> id: input-password] is cleared
[INFO ] 2022-08-23 17:43:33.698 [main] Log - Click on Text Box: [[ChromeDriver: chrome on WINDOWS (0fd15ab7f7531e750845e5927c54f98a)] -> id: input-password]
[INFO ] 2022-08-23 17:43:33.806 [main] Log - Enter text on [[ChromeDriver: chrome on WINDOWS (0fd15ab7f7531e750845e5927c54f98a)] -> id: input-password] :Dinnu@4318
[INFO ] 2022-08-23 17:43:33.867 [main] Log - wait for until element [[ChromeDriver: chrome on WINDOWS (0fd15ab7f7531e750845e5927c54f98a)] -> xpath: //input[@value='Login']] is visible
[INFO ] 2022-08-23 17:43:35.705 [main] Log - Click on element: Proxy element for: DefaultElementLocator 'By.xpath: //input[@value='Login']'
[INFO ] 2022-08-23 17:43:37.223 [main] Log - Kills the browsers
[INFO ] 2022-08-23 17:43:37.250 [main] Log - Open chrome browser
[INFO ] 2022-08-23 17:43:37.250 [main] Log - chrome browser is selected
[INFO ] 2022-08-23 17:43:40.656 [main] Log - Open the urlhttps://naveenautomationlabs.com/opencart/
[INFO ] 2022-08-23 17:43:46.051 [main] Log - https://naveenautomationlabs.com/opencart/
[INFO ] 2022-08-23 17:43:46.747 [main] Log - Text in element : [[ChromeDriver: chrome on WINDOWS (b383e681367735f8c89caaa9a3becaef)] -> xpath: //input[@placeholder='Search']] is cleared
[INFO ] 2022-08-23 17:43:46.804 [main] Log - Click on Text Box: [[ChromeDriver: chrome on WINDOWS (b383e681367735f8c89caaa9a3becaef)] -> xpath: //input[@placeholder='Search']]
[INFO ] 2022-08-23 17:43:46.865 [main] Log - Enter text on [[ChromeDriver: chrome on WINDOWS (b383e681367735f8c89caaa9a3becaef)] -> xpath: //input[@placeholder='Search']] :Apple
[INFO ] 2022-08-23 17:43:46.902 [main] Log - wait for until element [[ChromeDriver: chrome on WINDOWS (b383e681367735f8c89caaa9a3becaef)] -> xpath: //div[@id='search']/span] is visible
[INFO ] 2022-08-23 17:43:47.367 [main] Log - Click on element: [[ChromeDriver: chrome on WINDOWS (b383e681367735f8c89caaa9a3becaef)] -> xpath: //div[@id='search']/span]
[ERROR] 2022-08-23 17:43:49.993 [main] Log - Fail to clicked on [[ChromeDriver: chrome on WINDOWS (b383e681367735f8c89caaa9a3becaef)] -> xpath: (//a[normalize-space()='Login'])[1]]
[INFO ] 2022-08-23 17:43:51.518 [main] Log - Kills the browsers
[INFO ] 2022-08-23 17:55:17.714 [main] Log - Open chrome browser
[INFO ] 2022-08-23 17:55:17.889 [main] Log - navigateToLoginPage test is starting.
[ERROR] 2022-08-23 17:55:17.903 [main] Log - navigateToLoginPage Test is failed
[INFO ] 2022-08-23 17:55:17.930 [main] Log - I am in onFinish method testng
[INFO ] 2022-08-23 17:56:56.359 [main] Log - Open chrome browser
[INFO ] 2022-08-23 17:56:56.565 [main] Log - chrome browser is selected
[INFO ] 2022-08-23 17:57:01.286 [main] Log - Open the urlhttps://naveenautomationlabs.com/opencart/
[INFO ] 2022-08-23 17:57:05.572 [main] Log - https://naveenautomationlabs.com/opencart/
[INFO ] 2022-08-23 17:57:05.774 [main] Log - navigateToLoginPage test is starting.
[INFO ] 2022-08-23 17:57:05.992 [main] Log - move to the element : [[ChromeDriver: chrome on WINDOWS (e5d539e01d3a117d6760ba0192d2c69e)] -> xpath: //span[normalize-space()='My Account']] is clicked
[ERROR] 2022-08-23 17:57:05.997 [main] Log - Cannot invoke "com.aventstack.extentreports.ExtentTest.info(String)" because the return value of "java.lang.ThreadLocal.get()" is null
[INFO ] 2022-08-23 17:57:06.000 [main] Log - Retrying navigateToLoginPage again and the count is 1
[ERROR] 2022-08-23 17:57:06.071 [main] Log - navigateToLoginPage Test is failed
[INFO ] 2022-08-23 17:57:06.989 [main] Log - Kills the browsers
[INFO ] 2022-08-23 17:57:07.025 [main] Log - I am in onFinish method testng
[INFO ] 2022-08-23 17:57:38.469 [main] Log - Open chrome browser
[INFO ] 2022-08-23 17:57:38.723 [main] Log - chrome browser is selected
[INFO ] 2022-08-23 17:57:44.967 [main] Log - Open the urlhttps://naveenautomationlabs.com/opencart/
[INFO ] 2022-08-23 17:57:50.543 [main] Log - https://naveenautomationlabs.com/opencart/
[INFO ] 2022-08-23 17:57:50.939 [main] Log - navigateToLoginPage test is starting.
[INFO ] 2022-08-23 17:57:51.287 [main] Log - move to the element : [[ChromeDriver: chrome on WINDOWS (23d3422dac6cf1e1ff7e4bee18f3c4b1)] -> xpath: //span[normalize-space()='My Account']] is clicked
[INFO ] 2022-08-23 17:57:51.482 [main] Log - wait for until element [[ChromeDriver: chrome on WINDOWS (23d3422dac6cf1e1ff7e4bee18f3c4b1)] -> xpath: (//a[normalize-space()='Login'])[1]] is visible
[INFO ] 2022-08-23 17:57:52.555 [main] Log - Click on element: [[ChromeDriver: chrome on WINDOWS (23d3422dac6cf1e1ff7e4bee18f3c4b1)] -> xpath: (//a[normalize-space()='Login'])[1]]
[INFO ] 2022-08-23 17:57:52.581 [main] Log - Clicked on element : [[ChromeDriver: chrome on WINDOWS (23d3422dac6cf1e1ff7e4bee18f3c4b1)] -> xpath: (//a[normalize-space()='Login'])[1]]
[INFO ] 2022-08-23 17:57:52.807 [main] Log - navigateToLoginPage Test is passed
[INFO ] 2022-08-23 17:57:52.808 [main] Log - navigateToLoginPage com.blazeclan.qa.test.testng.TestFramework  null 6d3ab332-a816-4dac-aa40-16f94488a1f5  []
[INFO ] 2022-08-23 17:57:53.412 [main] Log - loginToApplication test is starting.
[INFO ] 2022-08-23 17:57:53.476 [main] Log - deleted all cookies
[INFO ] 2022-08-23 17:57:53.603 [main] Log - Text in element : [[ChromeDriver: chrome on WINDOWS (23d3422dac6cf1e1ff7e4bee18f3c4b1)] -> id: input-email] is cleared
[INFO ] 2022-08-23 17:57:53.754 [main] Log - Click on Text Box: [[ChromeDriver: chrome on WINDOWS (23d3422dac6cf1e1ff7e4bee18f3c4b1)] -> id: input-email]
[INFO ] 2022-08-23 17:57:54.894 [main] Log - Enter text on [[ChromeDriver: chrome on WINDOWS (23d3422dac6cf1e1ff7e4bee18f3c4b1)] -> id: input-email] :dineshkumar.icon.dk@gmail.com
[INFO ] 2022-08-23 17:57:55.047 [main] Log - Text in element : [[ChromeDriver: chrome on WINDOWS (23d3422dac6cf1e1ff7e4bee18f3c4b1)] -> id: input-password] is cleared
[INFO ] 2022-08-23 17:57:55.129 [main] Log - Click on Text Box: [[ChromeDriver: chrome on WINDOWS (23d3422dac6cf1e1ff7e4bee18f3c4b1)] -> id: input-password]
[INFO ] 2022-08-23 17:57:55.203 [main] Log - Enter text on [[ChromeDriver: chrome on WINDOWS (23d3422dac6cf1e1ff7e4bee18f3c4b1)] -> id: input-password] :Dinnu@4318
[INFO ] 2022-08-23 17:57:55.263 [main] Log - wait for until element [[ChromeDriver: chrome on WINDOWS (23d3422dac6cf1e1ff7e4bee18f3c4b1)] -> xpath: //input[@value='Login']] is visible
[INFO ] 2022-08-23 17:57:56.922 [main] Log - Click on element: Proxy element for: DefaultElementLocator 'By.xpath: //input[@value='Login']'
[INFO ] 2022-08-23 17:57:56.967 [main] Log - loginToApplication Test is passed
[INFO ] 2022-08-23 17:57:56.968 [main] Log - loginToApplication com.blazeclan.qa.test.testng.TestFramework  null 52373f9b-d4d0-4de2-a94e-cc2015497a8f  []
[INFO ] 2022-08-23 17:57:58.357 [main] Log - Kills the browsers
[INFO ] 2022-08-23 17:57:58.380 [main] Log - I am in onFinish method testng
[INFO ] 2022-08-23 19:19:03.444 [main] Log - Open chrome browser
[INFO ] 2022-08-23 19:19:03.706 [main] Log - Open chrome browser
[INFO ] 2022-08-23 19:19:03.730 [main] Log - Open chrome browser
[INFO ] 2022-08-23 19:21:04.864 [main] Log - Open chrome browser
[INFO ] 2022-08-23 19:21:05.009 [main] Log - chrome browser is selected
[INFO ] 2022-08-23 19:21:12.011 [main] Log - Open the urlhttps://naveenautomationlabs.com/opencart/
[INFO ] 2022-08-23 19:21:14.474 [main] Log - https://naveenautomationlabs.com/opencart/
[INFO ] 2022-08-23 19:21:15.645 [main] Log - Text in element : [[ChromeDriver: chrome on WINDOWS (38899b41fe67940ba916703fb6bd85a2)] -> xpath: //input[@placeholder='Search']] is cleared
[INFO ] 2022-08-23 19:21:15.718 [main] Log - Click on Text Box: [[ChromeDriver: chrome on WINDOWS (38899b41fe67940ba916703fb6bd85a2)] -> xpath: //input[@placeholder='Search']]
[INFO ] 2022-08-23 19:21:15.812 [main] Log - Enter text on [[ChromeDriver: chrome on WINDOWS (38899b41fe67940ba916703fb6bd85a2)] -> xpath: //input[@placeholder='Search']] :Apple
[INFO ] 2022-08-23 19:21:15.894 [main] Log - wait for until element [[ChromeDriver: chrome on WINDOWS (38899b41fe67940ba916703fb6bd85a2)] -> xpath: //div[@id='search']/span] is visible
[INFO ] 2022-08-23 19:21:16.321 [main] Log - Click on element: [[ChromeDriver: chrome on WINDOWS (38899b41fe67940ba916703fb6bd85a2)] -> xpath: //div[@id='search']/span]
[ERROR] 2022-08-23 19:21:19.276 [main] Log - Fail to clicked on [[ChromeDriver: chrome on WINDOWS (38899b41fe67940ba916703fb6bd85a2)] -> xpath: (//a[normalize-space()='Login'])[1]]
[INFO ] 2022-08-23 19:21:21.018 [main] Log - Kills the browsers
[INFO ] 2022-08-23 19:21:21.281 [main] Log - Open chrome browser
[INFO ] 2022-08-23 19:21:21.375 [main] Log - Open chrome browser
[INFO ] 2022-08-23 19:31:36.039 [main] Log - Open chrome browser
[INFO ] 2022-08-23 19:31:36.169 [main] Log - chrome browser is selected
[INFO ] 2022-08-23 19:31:40.577 [main] Log - Open the urlhttps://naveenautomationlabs.com/opencart/
[INFO ] 2022-08-23 19:31:45.091 [main] Log - https://naveenautomationlabs.com/opencart/
[INFO ] 2022-08-23 19:31:45.685 [main] Log - Text in element : [[ChromeDriver: chrome on WINDOWS (fbd162cdfb0e62364f4d8f3572cf5ac6)] -> xpath: //input[@placeholder='Search']] is cleared
[INFO ] 2022-08-23 19:31:45.756 [main] Log - Click on Text Box: [[ChromeDriver: chrome on WINDOWS (fbd162cdfb0e62364f4d8f3572cf5ac6)] -> xpath: //input[@placeholder='Search']]
[INFO ] 2022-08-23 19:31:45.828 [main] Log - Enter text on [[ChromeDriver: chrome on WINDOWS (fbd162cdfb0e62364f4d8f3572cf5ac6)] -> xpath: //input[@placeholder='Search']] :Apple
[INFO ] 2022-08-23 19:31:45.890 [main] Log - wait for until element [[ChromeDriver: chrome on WINDOWS (fbd162cdfb0e62364f4d8f3572cf5ac6)] -> xpath: //div[@id='search']/span] is visible
[INFO ] 2022-08-23 19:31:46.288 [main] Log - Click on element: [[ChromeDriver: chrome on WINDOWS (fbd162cdfb0e62364f4d8f3572cf5ac6)] -> xpath: //div[@id='search']/span]
[ERROR] 2022-08-23 19:31:48.995 [main] Log - Fail to clicked on [[ChromeDriver: chrome on WINDOWS (fbd162cdfb0e62364f4d8f3572cf5ac6)] -> xpath: (//a[normalize-space()='Login'])[1]]
[INFO ] 2022-08-23 19:31:50.838 [main] Log - Kills the browsers
[INFO ] 2022-08-23 19:31:51.016 [main] Log - Open chrome browser
[INFO ] 2022-08-23 19:31:51.077 [main] Log - Open chrome browser
[INFO ] 2022-08-23 19:33:53.821 [main] Log - Open chrome browser
[INFO ] 2022-08-23 19:33:53.962 [main] Log - chrome browser is selected
[INFO ] 2022-08-23 19:34:00.649 [main] Log - Open the urlhttps://naveenautomationlabs.com/opencart/
[INFO ] 2022-08-23 19:34:03.448 [main] Log - https://naveenautomationlabs.com/opencart/
[INFO ] 2022-08-23 19:34:04.942 [main] Log - Text in element : [[ChromeDriver: chrome on WINDOWS (d517d2b7a1a9964a28947423d5fb6d68)] -> xpath: //input[@placeholder='Search']] is cleared
[INFO ] 2022-08-23 19:34:05.017 [main] Log - Click on Text Box: [[ChromeDriver: chrome on WINDOWS (d517d2b7a1a9964a28947423d5fb6d68)] -> xpath: //input[@placeholder='Search']]
[INFO ] 2022-08-23 19:34:05.107 [main] Log - Enter text on [[ChromeDriver: chrome on WINDOWS (d517d2b7a1a9964a28947423d5fb6d68)] -> xpath: //input[@placeholder='Search']] :Apple
[INFO ] 2022-08-23 19:34:05.186 [main] Log - wait for until element [[ChromeDriver: chrome on WINDOWS (d517d2b7a1a9964a28947423d5fb6d68)] -> xpath: //div[@id='search']/span] is visible
[INFO ] 2022-08-23 19:34:05.630 [main] Log - Click on element: [[ChromeDriver: chrome on WINDOWS (d517d2b7a1a9964a28947423d5fb6d68)] -> xpath: //div[@id='search']/span]
[ERROR] 2022-08-23 19:34:08.495 [main] Log - Fail to clicked on [[ChromeDriver: chrome on WINDOWS (d517d2b7a1a9964a28947423d5fb6d68)] -> xpath: (//a[normalize-space()='Login'])[1]]
[INFO ] 2022-08-23 19:34:10.320 [main] Log - Kills the browsers
[INFO ] 2022-08-23 19:34:10.526 [main] Log - Open chrome browser
[INFO ] 2022-08-23 19:34:10.599 [main] Log - Open chrome browser
[INFO ] 2022-08-23 19:37:52.985 [main] Log - Open chrome browser
[INFO ] 2022-08-23 19:37:53.147 [main] Log - chrome browser is selected
[INFO ] 2022-08-23 19:37:59.539 [main] Log - Open the urlhttps://naveenautomationlabs.com/opencart/
[INFO ] 2022-08-23 19:38:02.626 [main] Log - https://naveenautomationlabs.com/opencart/
[INFO ] 2022-08-23 19:38:04.684 [main] Log - Text in element : [[ChromeDriver: chrome on WINDOWS (3c25d9d08667bb177a649874865f106b)] -> xpath: //input[@placeholder='Search']] is cleared
[INFO ] 2022-08-23 19:38:04.791 [main] Log - Click on Text Box: [[ChromeDriver: chrome on WINDOWS (3c25d9d08667bb177a649874865f106b)] -> xpath: //input[@placeholder='Search']]
[INFO ] 2022-08-23 19:38:04.908 [main] Log - Enter text on [[ChromeDriver: chrome on WINDOWS (3c25d9d08667bb177a649874865f106b)] -> xpath: //input[@placeholder='Search']] :Apple
[INFO ] 2022-08-23 19:38:04.962 [main] Log - wait for until element [[ChromeDriver: chrome on WINDOWS (3c25d9d08667bb177a649874865f106b)] -> xpath: //div[@id='search']/span] is visible
[INFO ] 2022-08-23 19:38:05.454 [main] Log - Click on element: [[ChromeDriver: chrome on WINDOWS (3c25d9d08667bb177a649874865f106b)] -> xpath: //div[@id='search']/span]
[ERROR] 2022-08-23 19:38:08.330 [main] Log - Fail to clicked on [[ChromeDriver: chrome on WINDOWS (3c25d9d08667bb177a649874865f106b)] -> xpath: (//a[normalize-space()='Login'])[1]]
[INFO ] 2022-08-23 19:38:10.236 [main] Log - Kills the browsers
[INFO ] 2022-08-23 19:38:10.490 [main] Log - Open chrome browser
[INFO ] 2022-08-23 19:38:10.583 [main] Log - Open chrome browser
[INFO ] 2022-08-23 20:14:49.032 [main] Log - Open chrome browser
[INFO ] 2022-08-23 20:14:49.185 [main] Log - chrome browser is selected
[INFO ] 2022-08-23 20:14:56.604 [main] Log - Open the urlhttps://naveenautomationlabs.com/opencart/
[INFO ] 2022-08-23 20:15:02.484 [main] Log - https://naveenautomationlabs.com/opencart/
[INFO ] 2022-08-23 20:15:03.561 [main] Log - Text in element : [[ChromeDriver: chrome on WINDOWS (105606b69e311835a59642f362d96579)] -> xpath: //input[@placeholder='Search']] is cleared
[INFO ] 2022-08-23 20:15:03.636 [main] Log - Click on Text Box: [[ChromeDriver: chrome on WINDOWS (105606b69e311835a59642f362d96579)] -> xpath: //input[@placeholder='Search']]
[INFO ] 2022-08-23 20:15:03.712 [main] Log - Enter text on [[ChromeDriver: chrome on WINDOWS (105606b69e311835a59642f362d96579)] -> xpath: //input[@placeholder='Search']] :Apple
[INFO ] 2022-08-23 20:15:03.771 [main] Log - wait for until element [[ChromeDriver: chrome on WINDOWS (105606b69e311835a59642f362d96579)] -> xpath: //div[@id='search']/span] is visible
[INFO ] 2022-08-23 20:15:05.668 [main] Log - Click on element: [[ChromeDriver: chrome on WINDOWS (105606b69e311835a59642f362d96579)] -> xpath: //div[@id='search']/span]
[ERROR] 2022-08-23 20:15:08.666 [main] Log - Fail to clicked on [[ChromeDriver: chrome on WINDOWS (105606b69e311835a59642f362d96579)] -> xpath: (//a[normalize-space()='Login'])[1]]
[INFO ] 2022-08-23 20:15:10.476 [main] Log - Kills the browsers
[INFO ] 2022-08-23 20:15:10.648 [main] Log - Open chrome browser
[INFO ] 2022-08-23 20:15:10.733 [main] Log - Open chrome browser
[INFO ] 2022-08-23 20:15:52.890 [main] Log - Open chrome browser
[INFO ] 2022-08-23 20:15:53.047 [main] Log - chrome browser is selected
[INFO ] 2022-08-23 20:15:59.103 [main] Log - Open the urlhttps://naveenautomationlabs.com/opencart/
[INFO ] 2022-08-23 20:16:02.112 [main] Log - https://naveenautomationlabs.com/opencart/
[INFO ] 2022-08-23 20:16:04.521 [main] Log - Text in element : [[ChromeDriver: chrome on WINDOWS (8cb3ece85f3348d231ff3bfe3c506327)] -> xpath: //input[@placeholder='Search']] is cleared
[INFO ] 2022-08-23 20:16:04.626 [main] Log - Click on Text Box: [[ChromeDriver: chrome on WINDOWS (8cb3ece85f3348d231ff3bfe3c506327)] -> xpath: //input[@placeholder='Search']]
[INFO ] 2022-08-23 20:16:04.713 [main] Log - Enter text on [[ChromeDriver: chrome on WINDOWS (8cb3ece85f3348d231ff3bfe3c506327)] -> xpath: //input[@placeholder='Search']] :Apple
[INFO ] 2022-08-23 20:16:04.792 [main] Log - wait for until element [[ChromeDriver: chrome on WINDOWS (8cb3ece85f3348d231ff3bfe3c506327)] -> xpath: //div[@id='search']/span] is visible
[INFO ] 2022-08-23 20:16:05.329 [main] Log - Click on element: [[ChromeDriver: chrome on WINDOWS (8cb3ece85f3348d231ff3bfe3c506327)] -> xpath: //div[@id='search']/span]
[ERROR] 2022-08-23 20:16:08.103 [main] Log - Fail to clicked on [[ChromeDriver: chrome on WINDOWS (8cb3ece85f3348d231ff3bfe3c506327)] -> xpath: (//a[normalize-space()='Login'])[1]]
[INFO ] 2022-08-23 20:16:08.758 [main] Log - Open chrome browser
[INFO ] 2022-08-23 20:16:09.041 [main] Log - Open chrome browser
[INFO ] 2022-08-23 20:19:32.230 [main] Log - chrome browser is selected
[INFO ] 2022-08-23 20:19:39.453 [main] Log - Open chrome browser
[INFO ] 2022-08-23 20:19:43.587 [main] Log - Open the urlhttps://naveenautomationlabs.com/opencart/
[INFO ] 2022-08-23 20:19:44.570 [main] Log - Text in element : [[ChromeDriver: chrome on WINDOWS (152b3da70e0268449dc09ec3fdf63ab2)] -> xpath: //input[@placeholder='Search']] is cleared
[INFO ] 2022-08-23 20:19:44.636 [main] Log - Click on Text Box: [[ChromeDriver: chrome on WINDOWS (152b3da70e0268449dc09ec3fdf63ab2)] -> xpath: //input[@placeholder='Search']]
[INFO ] 2022-08-23 20:19:44.719 [main] Log - Enter text on [[ChromeDriver: chrome on WINDOWS (152b3da70e0268449dc09ec3fdf63ab2)] -> xpath: //input[@placeholder='Search']] :Apple
[INFO ] 2022-08-23 20:19:44.769 [main] Log - wait for until element [[ChromeDriver: chrome on WINDOWS (152b3da70e0268449dc09ec3fdf63ab2)] -> xpath: //div[@id='search']/span] is visible
[INFO ] 2022-08-23 20:19:45.470 [main] Log - Click on element: [[ChromeDriver: chrome on WINDOWS (152b3da70e0268449dc09ec3fdf63ab2)] -> xpath: //div[@id='search']/span]
[ERROR] 2022-08-23 20:19:48.250 [main] Log - Fail to clicked on [[ChromeDriver: chrome on WINDOWS (152b3da70e0268449dc09ec3fdf63ab2)] -> xpath: (//a[normalize-space()='Login'])[1]]
[INFO ] 2022-08-23 20:19:51.491 [main] Log - Kills the browsers
[INFO ] 2022-08-23 20:19:52.356 [main] Log - chrome browser is selected
[INFO ] 2022-08-23 20:19:52.561 [main] Log - chrome browser is selected
[INFO ] 2022-08-23 20:22:21.730 [main] Log - chrome browser is selected
[INFO ] 2022-08-23 20:22:29.863 [main] Log - Open chrome browser
[INFO ] 2022-08-23 20:22:32.468 [main] Log - Open the urlhttps://naveenautomationlabs.com/opencart/
[INFO ] 2022-08-23 20:22:34.439 [main] Log - Text in element : [[ChromeDriver: chrome on WINDOWS (7e7632ca790ac2f87b3e5374fe8f720c)] -> xpath: //input[@placeholder='Search']] is cleared
[INFO ] 2022-08-23 20:22:34.566 [main] Log - Click on Text Box: [[ChromeDriver: chrome on WINDOWS (7e7632ca790ac2f87b3e5374fe8f720c)] -> xpath: //input[@placeholder='Search']]
[INFO ] 2022-08-23 20:22:34.646 [main] Log - Enter text on [[ChromeDriver: chrome on WINDOWS (7e7632ca790ac2f87b3e5374fe8f720c)] -> xpath: //input[@placeholder='Search']] :Apple
[INFO ] 2022-08-23 20:22:34.696 [main] Log - wait for until element [[ChromeDriver: chrome on WINDOWS (7e7632ca790ac2f87b3e5374fe8f720c)] -> xpath: //div[@id='search']/span] is visible
[INFO ] 2022-08-23 20:22:36.209 [main] Log - Click on element: [[ChromeDriver: chrome on WINDOWS (7e7632ca790ac2f87b3e5374fe8f720c)] -> xpath: //div[@id='search']/span]
[ERROR] 2022-08-23 20:22:38.890 [main] Log - Fail to clicked on [[ChromeDriver: chrome on WINDOWS (7e7632ca790ac2f87b3e5374fe8f720c)] -> xpath: (//a[normalize-space()='Login'])[1]]
[INFO ] 2022-08-23 20:22:41.567 [main] Log - Kills the browsers
[INFO ] 2022-08-23 20:22:41.740 [main] Log - chrome browser is selected
[INFO ] 2022-08-23 20:49:51.255 [main] Log - chrome browser is selected
[INFO ] 2022-08-23 20:49:51.542 [main] Log - chrome browser is selected
[INFO ] 2022-08-23 20:50:41.328 [main] Log - chrome browser is selected
[INFO ] 2022-08-23 20:50:49.653 [main] Log - Open chrome browser
[INFO ] 2022-08-23 20:50:51.838 [main] Log - Open the urlhttps://naveenautomationlabs.com/opencart/
[INFO ] 2022-08-23 20:50:53.352 [main] Log - Text in element : [[ChromeDriver: chrome on WINDOWS (92222e2b739070a3ae757a4485f3141b)] -> xpath: //input[@placeholder='Search']] is cleared
[INFO ] 2022-08-23 20:50:53.463 [main] Log - Click on Text Box: [[ChromeDriver: chrome on WINDOWS (92222e2b739070a3ae757a4485f3141b)] -> xpath: //input[@placeholder='Search']]
[INFO ] 2022-08-23 20:50:53.566 [main] Log - Enter text on [[ChromeDriver: chrome on WINDOWS (92222e2b739070a3ae757a4485f3141b)] -> xpath: //input[@placeholder='Search']] :Apple
[INFO ] 2022-08-23 20:50:53.625 [main] Log - wait for until element [[ChromeDriver: chrome on WINDOWS (92222e2b739070a3ae757a4485f3141b)] -> xpath: //div[@id='search']/span] is visible
[INFO ] 2022-08-23 20:50:54.232 [main] Log - Click on element: [[ChromeDriver: chrome on WINDOWS (92222e2b739070a3ae757a4485f3141b)] -> xpath: //div[@id='search']/span]
[ERROR] 2022-08-23 20:50:57.052 [main] Log - Fail to clicked on [[ChromeDriver: chrome on WINDOWS (92222e2b739070a3ae757a4485f3141b)] -> xpath: (//a[normalize-space()='Login'])[1]]
[INFO ] 2022-08-23 20:50:58.781 [main] Log - Kills the browsers
[INFO ] 2022-08-23 20:50:59.000 [main] Log - chrome browser is selected
[INFO ] 2022-08-23 21:12:44.818 [main] Log - chrome browser is selected
[INFO ] 2022-08-23 21:12:51.913 [main] Log - Open chrome browser
[INFO ] 2022-08-23 21:12:55.662 [main] Log - Open the urlhttps://naveenautomationlabs.com/opencart/
[INFO ] 2022-08-23 21:12:57.430 [main] Log - Text in element : [[ChromeDriver: chrome on WINDOWS (6001c452b3138ce134343b8549b7f936)] -> xpath: //input[@placeholder='Search']] is cleared
[INFO ] 2022-08-23 21:12:57.564 [main] Log - Click on Text Box: [[ChromeDriver: chrome on WINDOWS (6001c452b3138ce134343b8549b7f936)] -> xpath: //input[@placeholder='Search']]
[INFO ] 2022-08-23 21:12:57.650 [main] Log - Enter text on [[ChromeDriver: chrome on WINDOWS (6001c452b3138ce134343b8549b7f936)] -> xpath: //input[@placeholder='Search']] :Apple
[INFO ] 2022-08-23 21:12:57.707 [main] Log - wait for until element [[ChromeDriver: chrome on WINDOWS (6001c452b3138ce134343b8549b7f936)] -> xpath: //div[@id='search']/span] is visible
[INFO ] 2022-08-23 21:12:58.246 [main] Log - Click on element: [[ChromeDriver: chrome on WINDOWS (6001c452b3138ce134343b8549b7f936)] -> xpath: //div[@id='search']/span]
[ERROR] 2022-08-23 21:13:01.105 [main] Log - Fail to clicked on [[ChromeDriver: chrome on WINDOWS (6001c452b3138ce134343b8549b7f936)] -> xpath: (//a[normalize-space()='Login'])[1]]
[INFO ] 2022-08-23 21:13:02.860 [main] Log - Kills the browsers
[INFO ] 2022-08-23 21:13:02.997 [main] Log - chrome browser is selected
[INFO ] 2022-08-23 21:15:40.193 [main] Log - chrome browser is selected
[INFO ] 2022-08-23 21:15:46.612 [main] Log - Open chrome browser
[INFO ] 2022-08-23 21:15:49.712 [main] Log - Open the urlhttps://naveenautomationlabs.com/opencart/
[INFO ] 2022-08-23 21:15:51.594 [main] Log - Text in element : [[ChromeDriver: chrome on WINDOWS (3224ef97e1014c70f7d30eeecfb4288c)] -> xpath: //input[@placeholder='Search']] is cleared
[INFO ] 2022-08-23 21:15:51.778 [main] Log - Click on Text Box: [[ChromeDriver: chrome on WINDOWS (3224ef97e1014c70f7d30eeecfb4288c)] -> xpath: //input[@placeholder='Search']]
[INFO ] 2022-08-23 21:15:51.874 [main] Log - Enter text on [[ChromeDriver: chrome on WINDOWS (3224ef97e1014c70f7d30eeecfb4288c)] -> xpath: //input[@placeholder='Search']] :Apple
[INFO ] 2022-08-23 21:15:51.931 [main] Log - wait for until element [[ChromeDriver: chrome on WINDOWS (3224ef97e1014c70f7d30eeecfb4288c)] -> xpath: //div[@id='search']/span] is visible
[INFO ] 2022-08-23 21:15:52.621 [main] Log - Click on element: [[ChromeDriver: chrome on WINDOWS (3224ef97e1014c70f7d30eeecfb4288c)] -> xpath: //div[@id='search']/span]
[INFO ] 2022-08-23 21:15:55.806 [main] Log - Kills the browsers
[INFO ] 2022-08-23 21:15:56.017 [main] Log - chrome browser is selected
[INFO ] 2022-08-23 21:18:47.004 [main] Log - chrome browser is selected
[INFO ] 2022-08-23 21:18:47.298 [main] Log - Open chrome browser
[INFO ] 2022-08-23 21:18:50.525 [main] Log - Open the urlhttps://naveenautomationlabs.com/opencart/
[INFO ] 2022-08-23 21:18:52.636 [main] Log - Text in element : [[ChromeDriver: chrome on WINDOWS (8f339a93af54ded4070d808ffd167331)] -> xpath: //input[@placeholder='Search']] is cleared
[INFO ] 2022-08-23 21:18:52.763 [main] Log - Click on Text Box: [[ChromeDriver: chrome on WINDOWS (8f339a93af54ded4070d808ffd167331)] -> xpath: //input[@placeholder='Search']]
[INFO ] 2022-08-23 21:18:52.877 [main] Log - Enter text on [[ChromeDriver: chrome on WINDOWS (8f339a93af54ded4070d808ffd167331)] -> xpath: //input[@placeholder='Search']] :Apple
[INFO ] 2022-08-23 21:18:52.973 [main] Log - wait for until element [[ChromeDriver: chrome on WINDOWS (8f339a93af54ded4070d808ffd167331)] -> xpath: //div[@id='search']/span] is visible
[INFO ] 2022-08-23 21:18:53.431 [main] Log - Click on element: [[ChromeDriver: chrome on WINDOWS (8f339a93af54ded4070d808ffd167331)] -> xpath: //div[@id='search']/span]
[INFO ] 2022-08-23 21:18:55.906 [main] Log - Kills the browsers
[INFO ] 2022-08-23 21:19:00.752 [main] Log - chrome browser is selected
[INFO ] 2022-08-23 21:19:02.236 [main] Log - Kills the browsers
[INFO ] 2022-08-23 21:20:55.954 [main] Log - Open chrome browser
[INFO ] 2022-08-23 21:20:59.060 [main] Log - Open the urlhttps://naveenautomationlabs.com/opencart/
[INFO ] 2022-08-23 21:21:00.959 [main] Log - Text in element : [[ChromeDriver: chrome on WINDOWS (408129c52d0e360fd54c1809555a8002)] -> xpath: //input[@placeholder='Search']] is cleared
[INFO ] 2022-08-23 21:21:01.094 [main] Log - Click on Text Box: [[ChromeDriver: chrome on WINDOWS (408129c52d0e360fd54c1809555a8002)] -> xpath: //input[@placeholder='Search']]
[INFO ] 2022-08-23 21:21:01.188 [main] Log - Enter text on [[ChromeDriver: chrome on WINDOWS (408129c52d0e360fd54c1809555a8002)] -> xpath: //input[@placeholder='Search']] :Apple
[INFO ] 2022-08-23 21:21:01.254 [main] Log - wait for until element [[ChromeDriver: chrome on WINDOWS (408129c52d0e360fd54c1809555a8002)] -> xpath: //div[@id='search']/span] is visible
[INFO ] 2022-08-23 21:21:01.874 [main] Log - Click on element: [[ChromeDriver: chrome on WINDOWS (408129c52d0e360fd54c1809555a8002)] -> xpath: //div[@id='search']/span]
[INFO ] 2022-08-23 21:21:04.714 [main] Log - Kills the browsers
[INFO ] 2022-08-23 21:21:11.709 [main] Log - Open chrome browser
[INFO ] 2022-08-23 21:21:13.794 [main] Log - Kills the browsers
[INFO ] 2022-08-23 21:22:16.753 [main] Log - Open chrome browser
[INFO ] 2022-08-23 21:22:19.629 [main] Log - Open the urlhttps://naveenautomationlabs.com/opencart/
[INFO ] 2022-08-23 21:22:21.344 [main] Log - Text in element : [[ChromeDriver: chrome on WINDOWS (efae3e0bf7936d2982ea1a3847fa6328)] -> xpath: //input[@placeholder='Search']] is cleared
[INFO ] 2022-08-23 21:22:21.465 [main] Log - Click on Text Box: [[ChromeDriver: chrome on WINDOWS (efae3e0bf7936d2982ea1a3847fa6328)] -> xpath: //input[@placeholder='Search']]
[INFO ] 2022-08-23 21:22:21.572 [main] Log - Enter text on [[ChromeDriver: chrome on WINDOWS (efae3e0bf7936d2982ea1a3847fa6328)] -> xpath: //input[@placeholder='Search']] :Apple
[INFO ] 2022-08-23 21:22:21.622 [main] Log - wait for until element [[ChromeDriver: chrome on WINDOWS (efae3e0bf7936d2982ea1a3847fa6328)] -> xpath: //div[@id='search']/span] is visible
[INFO ] 2022-08-23 21:22:22.011 [main] Log - Click on element: [[ChromeDriver: chrome on WINDOWS (efae3e0bf7936d2982ea1a3847fa6328)] -> xpath: //div[@id='search']/span]
[INFO ] 2022-08-23 21:22:24.741 [main] Log - Kills the browsers
[INFO ] 2022-08-23 21:22:31.006 [main] Log - Open chrome browser
[INFO ] 2022-08-23 21:22:33.907 [main] Log - Open the urlhttps://naveenautomationlabs.com/opencart/
[INFO ] 2022-08-23 21:22:34.721 [main] Log - wait for until element [[ChromeDriver: chrome on WINDOWS (19907f6c9bfec44459c3054805f7b1d4)] -> xpath: //span[normalize-space()='My Account']] is visible
[INFO ] 2022-08-23 21:22:34.864 [main] Log - Click on element: [[ChromeDriver: chrome on WINDOWS (19907f6c9bfec44459c3054805f7b1d4)] -> xpath: //span[normalize-space()='My Account']]
[INFO ] 2022-08-23 21:22:34.920 [main] Log - wait for until element [[ChromeDriver: chrome on WINDOWS (19907f6c9bfec44459c3054805f7b1d4)] -> xpath: (//a[normalize-space()='Login'])[1]] is visible
[INFO ] 2022-08-23 21:22:35.391 [main] Log - Click on element: [[ChromeDriver: chrome on WINDOWS (19907f6c9bfec44459c3054805f7b1d4)] -> xpath: (//a[normalize-space()='Login'])[1]]
[INFO ] 2022-08-23 21:22:35.864 [main] Log - Text in element : [[ChromeDriver: chrome on WINDOWS (19907f6c9bfec44459c3054805f7b1d4)] -> id: input-email] is cleared
[INFO ] 2022-08-23 21:22:35.972 [main] Log - Click on Text Box: [[ChromeDriver: chrome on WINDOWS (19907f6c9bfec44459c3054805f7b1d4)] -> id: input-email]
[INFO ] 2022-08-23 21:22:36.107 [main] Log - Enter text on [[ChromeDriver: chrome on WINDOWS (19907f6c9bfec44459c3054805f7b1d4)] -> id: input-email] :dineshkumar.icon.dk@gmail.com
[INFO ] 2022-08-23 21:22:36.173 [main] Log - Text in element : [[ChromeDriver: chrome on WINDOWS (19907f6c9bfec44459c3054805f7b1d4)] -> id: input-password] is cleared
[INFO ] 2022-08-23 21:22:36.245 [main] Log - Click on Text Box: [[ChromeDriver: chrome on WINDOWS (19907f6c9bfec44459c3054805f7b1d4)] -> id: input-password]
[INFO ] 2022-08-23 21:22:36.323 [main] Log - Enter text on [[ChromeDriver: chrome on WINDOWS (19907f6c9bfec44459c3054805f7b1d4)] -> id: input-password] :Dinnu@4318
[INFO ] 2022-08-23 21:22:36.403 [main] Log - wait for until element [[ChromeDriver: chrome on WINDOWS (19907f6c9bfec44459c3054805f7b1d4)] -> xpath: //input[@value='Login']] is visible
[INFO ] 2022-08-23 21:22:38.204 [main] Log - Click on element: Proxy element for: DefaultElementLocator 'By.xpath: //input[@value='Login']'
[INFO ] 2022-08-23 21:22:40.385 [main] Log - Kills the browsers
[INFO ] 2022-08-23 21:24:30.286 [main] Log - chrome browser is selected
[INFO ] 2022-08-23 21:24:30.513 [main] Log - Open chrome browser
[INFO ] 2022-08-23 21:24:32.846 [main] Log - Open the urlhttps://naveenautomationlabs.com/opencart/
[INFO ] 2022-08-23 21:24:34.241 [main] Log - Text in element : [[ChromeDriver: chrome on WINDOWS (d71c32ddf78a63d6e1880b2deb65503b)] -> xpath: //input[@placeholder='Search']] is cleared
[INFO ] 2022-08-23 21:24:34.363 [main] Log - Click on Text Box: [[ChromeDriver: chrome on WINDOWS (d71c32ddf78a63d6e1880b2deb65503b)] -> xpath: //input[@placeholder='Search']]
[INFO ] 2022-08-23 21:24:34.483 [main] Log - Enter text on [[ChromeDriver: chrome on WINDOWS (d71c32ddf78a63d6e1880b2deb65503b)] -> xpath: //input[@placeholder='Search']] :Apple
[INFO ] 2022-08-23 21:24:34.550 [main] Log - wait for until element [[ChromeDriver: chrome on WINDOWS (d71c32ddf78a63d6e1880b2deb65503b)] -> xpath: //div[@id='search']/span] is visible
[INFO ] 2022-08-23 21:24:35.218 [main] Log - Click on element: [[ChromeDriver: chrome on WINDOWS (d71c32ddf78a63d6e1880b2deb65503b)] -> xpath: //div[@id='search']/span]
[INFO ] 2022-08-23 21:24:37.730 [main] Log - Kills the browsers
[INFO ] 2022-08-23 21:24:42.337 [main] Log - chrome browser is selected
[INFO ] 2022-08-23 21:24:42.338 [main] Log - Open chrome browser
[INFO ] 2022-08-23 21:24:45.613 [main] Log - Open the urlhttps://naveenautomationlabs.com/opencart/
[INFO ] 2022-08-23 21:24:45.895 [main] Log - wait for until element [[ChromeDriver: chrome on WINDOWS (25b31853f0c481ac6003bc8a253a03d6)] -> xpath: //span[normalize-space()='My Account']] is visible
[INFO ] 2022-08-23 21:24:45.999 [main] Log - Click on element: [[ChromeDriver: chrome on WINDOWS (25b31853f0c481ac6003bc8a253a03d6)] -> xpath: //span[normalize-space()='My Account']]
[INFO ] 2022-08-23 21:24:46.068 [main] Log - wait for until element [[ChromeDriver: chrome on WINDOWS (25b31853f0c481ac6003bc8a253a03d6)] -> xpath: (//a[normalize-space()='Login'])[1]] is visible
[INFO ] 2022-08-23 21:24:46.518 [main] Log - Click on element: [[ChromeDriver: chrome on WINDOWS (25b31853f0c481ac6003bc8a253a03d6)] -> xpath: (//a[normalize-space()='Login'])[1]]
[INFO ] 2022-08-23 21:24:47.087 [main] Log - Text in element : [[ChromeDriver: chrome on WINDOWS (25b31853f0c481ac6003bc8a253a03d6)] -> id: input-email] is cleared
[INFO ] 2022-08-23 21:24:47.190 [main] Log - Click on Text Box: [[ChromeDriver: chrome on WINDOWS (25b31853f0c481ac6003bc8a253a03d6)] -> id: input-email]
[INFO ] 2022-08-23 21:24:47.349 [main] Log - Enter text on [[ChromeDriver: chrome on WINDOWS (25b31853f0c481ac6003bc8a253a03d6)] -> id: input-email] :dineshkumar.icon.dk@gmail.com
[INFO ] 2022-08-23 21:24:47.420 [main] Log - Text in element : [[ChromeDriver: chrome on WINDOWS (25b31853f0c481ac6003bc8a253a03d6)] -> id: input-password] is cleared
[INFO ] 2022-08-23 21:24:47.495 [main] Log - Click on Text Box: [[ChromeDriver: chrome on WINDOWS (25b31853f0c481ac6003bc8a253a03d6)] -> id: input-password]
[INFO ] 2022-08-23 21:24:47.561 [main] Log - Enter text on [[ChromeDriver: chrome on WINDOWS (25b31853f0c481ac6003bc8a253a03d6)] -> id: input-password] :Dinnu@4318
[INFO ] 2022-08-23 21:24:47.610 [main] Log - wait for until element [[ChromeDriver: chrome on WINDOWS (25b31853f0c481ac6003bc8a253a03d6)] -> xpath: //input[@value='Login']] is visible
[INFO ] 2022-08-23 21:24:49.292 [main] Log - Click on element: Proxy element for: DefaultElementLocator 'By.xpath: //input[@value='Login']'
[INFO ] 2022-08-23 21:24:51.580 [main] Log - Kills the browsers
